This is XeTeX, Version 3.141592653-2.6-0.999995 (MiKTeX 24.1) (preloaded format=xelatex 2024.3.5)  7 MAR 2024 04:13
entering extended mode
 restricted \write18 enabled.
 %&-line parsing enabled.
**./FDD.tex
(FDD.tex
LaTeX2e <2023-11-01> patch level 1
L3 programming layer <2024-01-04>
(C:\Users\Pasca\AppData\Local\Programs\MiKTeX\tex/latex/base\report.cls
Document Class: report 2023/05/17 v1.4n Standard LaTeX document class
(C:\Users\Pasca\AppData\Local\Programs\MiKTeX\tex/latex/base\size12.clo
File: size12.clo 2023/05/17 v1.4n Standard LaTeX file (size option)
)
\c@part=\count183
\c@chapter=\count184
\c@section=\count185
\c@subsection=\count186
\c@subsubsection=\count187
\c@paragraph=\count188
\c@subparagraph=\count189
\c@figure=\count190
\c@table=\count191
\abovecaptionskip=\skip48
\belowcaptionskip=\skip49
\bibindent=\dimen140
)
(C:\Users\Pasca\AppData\Local\Programs\MiKTeX\tex/generic/babel\babel.sty
Package: babel 2024/01/07 v24.1 The Babel package
\babel@savecnt=\count192
\U@D=\dimen141
\l@unhyphenated=\language79

(C:\Users\Pasca\AppData\Local\Programs\MiKTeX\tex/generic/babel\xebabel.def)
\bbl@readstream=\read2
\bbl@dirlevel=\count193

*************************************
* Local config file bblopts.cfg used
*
(C:\Users\Pasca\AppData\Local\Programs\MiKTeX\tex/latex/arabi\bblopts.cfg
File: bblopts.cfg 2005/09/08 v0.1 add Arabic and Farsi to "declared" options of
 babel
)
(C:\Users\Pasca\AppData\Local\Programs\MiKTeX\tex/latex/babel-english\english.l
df
Language: english 2017/06/06 v3.3r English support from the babel system
Package babel Info: Hyphen rules for 'canadian' set to \l@english
(babel)             (\language0). Reported on input line 102.
Package babel Info: Hyphen rules for 'australian' set to \l@ukenglish
(babel)             (\language73). Reported on input line 105.
Package babel Info: Hyphen rules for 'newzealand' set to \l@ukenglish
(babel)             (\language73). Reported on input line 108.
))
(C:\Users\Pasca\AppData\Local\Programs\MiKTeX\tex/generic/babel/locale/en\babel
-english.tex
Package babel Info: Importing font and identification data for english
(babel)             from babel-en.ini. Reported on input line 11.
)
(C:\Users\Pasca\AppData\Local\Programs\MiKTeX\tex/latex/base\inputenc.sty
Package: inputenc 2021/02/14 v1.3d Input encoding file
\inpenc@prehook=\toks17
\inpenc@posthook=\toks18


Package inputenc Warning: inputenc package ignored with utf8 based engines.

) (C:\Users\Pasca\AppData\Local\Programs\MiKTeX\tex/latex/base\fontenc.sty
Package: fontenc 2021/04/29 v2.0v Standard LaTeX package
LaTeX Font Info:    Trying to load font information for T1+lmr on input line 11
2.

(C:\Users\Pasca\AppData\Local\Programs\MiKTeX\tex/latex/lm\t1lmr.fd
File: t1lmr.fd 2015/05/01 v1.6.1 Font defs for Latin Modern
))
(C:\Users\Pasca\AppData\Local\Programs\MiKTeX\tex/latex/geometry\geometry.sty
Package: geometry 2020/01/02 v5.9 Page Geometry

(C:\Users\Pasca\AppData\Local\Programs\MiKTeX\tex/latex/graphics\keyval.sty
Package: keyval 2022/05/29 v1.15 key=value parser (DPC)
\KV@toks@=\toks19
)
(C:\Users\Pasca\AppData\Local\Programs\MiKTeX\tex/generic/iftex\ifvtex.sty
Package: ifvtex 2019/10/25 v1.7 ifvtex legacy package. Use iftex instead.

(C:\Users\Pasca\AppData\Local\Programs\MiKTeX\tex/generic/iftex\iftex.sty
Package: iftex 2022/02/03 v1.0f TeX engine tests
))
\Gm@cnth=\count194
\Gm@cntv=\count195
\c@Gm@tempcnt=\count196
\Gm@bindingoffset=\dimen142
\Gm@wd@mp=\dimen143
\Gm@odd@mp=\dimen144
\Gm@even@mp=\dimen145
\Gm@layoutwidth=\dimen146
\Gm@layoutheight=\dimen147
\Gm@layouthoffset=\dimen148
\Gm@layoutvoffset=\dimen149
\Gm@dimlist=\toks20

(C:\Users\Pasca\AppData\Local\Programs\MiKTeX\tex/latex/geometry\geometry.cfg))
(C:\Users\Pasca\AppData\Local\Programs\MiKTeX\tex/latex/graphics\graphicx.sty
Package: graphicx 2021/09/16 v1.2d Enhanced LaTeX Graphics (DPC,SPQR)

(C:\Users\Pasca\AppData\Local\Programs\MiKTeX\tex/latex/graphics\graphics.sty
Package: graphics 2022/03/10 v1.4e Standard LaTeX Graphics (DPC,SPQR)

(C:\Users\Pasca\AppData\Local\Programs\MiKTeX\tex/latex/graphics\trig.sty
Package: trig 2021/08/11 v1.11 sin cos tan (DPC)
)
(C:\Users\Pasca\AppData\Local\Programs\MiKTeX\tex/latex/graphics-cfg\graphics.c
fg
File: graphics.cfg 2016/06/04 v1.11 sample graphics configuration
)
Package graphics Info: Driver file: xetex.def on input line 107.

(C:\Users\Pasca\AppData\Local\Programs\MiKTeX\tex/latex/graphics-def\xetex.def
File: xetex.def 2022/09/22 v5.0n Graphics/color driver for xetex
))
\Gin@req@height=\dimen150
\Gin@req@width=\dimen151
)
(C:\Users\Pasca\AppData\Local\Programs\MiKTeX\tex/latex/hyperref\hyperref.sty
Package: hyperref 2023-11-26 v7.01g Hypertext links for LaTeX

(C:\Users\Pasca\AppData\Local\Programs\MiKTeX\tex/generic/infwarerr\infwarerr.s
ty
Package: infwarerr 2019/12/03 v1.5 Providing info/warning/error messages (HO)
)
(C:\Users\Pasca\AppData\Local\Programs\MiKTeX\tex/latex/kvsetkeys\kvsetkeys.sty
Package: kvsetkeys 2022-10-05 v1.19 Key value parser (HO)
)
(C:\Users\Pasca\AppData\Local\Programs\MiKTeX\tex/generic/kvdefinekeys\kvdefine
keys.sty
Package: kvdefinekeys 2019-12-19 v1.6 Define keys (HO)
)
(C:\Users\Pasca\AppData\Local\Programs\MiKTeX\tex/generic/pdfescape\pdfescape.s
ty
Package: pdfescape 2019/12/09 v1.15 Implements pdfTeX's escape features (HO)

(C:\Users\Pasca\AppData\Local\Programs\MiKTeX\tex/generic/ltxcmds\ltxcmds.sty
Package: ltxcmds 2023-12-04 v1.26 LaTeX kernel commands for general use (HO)
)
(C:\Users\Pasca\AppData\Local\Programs\MiKTeX\tex/generic/pdftexcmds\pdftexcmds
.sty
Package: pdftexcmds 2020-06-27 v0.33 Utility functions of pdfTeX for LuaTeX (HO
)
Package pdftexcmds Info: \pdf@primitive is available.
Package pdftexcmds Info: \pdf@ifprimitive is available.
Package pdftexcmds Info: \pdfdraftmode not found.
))
(C:\Users\Pasca\AppData\Local\Programs\MiKTeX\tex/latex/hycolor\hycolor.sty
Package: hycolor 2020-01-27 v1.10 Color options for hyperref/bookmark (HO)
)
(C:\Users\Pasca\AppData\Local\Programs\MiKTeX\tex/latex/letltxmacro\letltxmacro
.sty
Package: letltxmacro 2019/12/03 v1.6 Let assignment for LaTeX macros (HO)
)
(C:\Users\Pasca\AppData\Local\Programs\MiKTeX\tex/latex/auxhook\auxhook.sty
Package: auxhook 2019-12-17 v1.6 Hooks for auxiliary files (HO)
)
(C:\Users\Pasca\AppData\Local\Programs\MiKTeX\tex/latex/hyperref\nameref.sty
Package: nameref 2023-11-26 v2.56 Cross-referencing by name of section

(C:\Users\Pasca\AppData\Local\Programs\MiKTeX\tex/latex/refcount\refcount.sty
Package: refcount 2019/12/15 v3.6 Data extraction from label references (HO)
)
(C:\Users\Pasca\AppData\Local\Programs\MiKTeX\tex/generic/gettitlestring\gettit
lestring.sty
Package: gettitlestring 2019/12/15 v1.6 Cleanup title references (HO)

(C:\Users\Pasca\AppData\Local\Programs\MiKTeX\tex/latex/kvoptions\kvoptions.sty
Package: kvoptions 2022-06-15 v3.15 Key value format for package options (HO)
))
\c@section@level=\count197
)
(C:\Users\Pasca\AppData\Local\Programs\MiKTeX\tex/latex/etoolbox\etoolbox.sty
Package: etoolbox 2020/10/05 v2.5k e-TeX tools for LaTeX (JAW)
\etb@tempcnta=\count198
)
\@linkdim=\dimen152
\Hy@linkcounter=\count199
\Hy@pagecounter=\count266

(C:\Users\Pasca\AppData\Local\Programs\MiKTeX\tex/latex/hyperref\pd1enc.def
File: pd1enc.def 2023-11-26 v7.01g Hyperref: PDFDocEncoding definition (HO)
)
(C:\Users\Pasca\AppData\Local\Programs\MiKTeX\tex/generic/intcalc\intcalc.sty
Package: intcalc 2019/12/15 v1.3 Expandable calculations with integers (HO)
)
\Hy@SavedSpaceFactor=\count267

(C:\Users\Pasca\AppData\Local\Programs\MiKTeX\tex/latex/hyperref\puenc.def
File: puenc.def 2023-11-26 v7.01g Hyperref: PDF Unicode definition (HO)
)
Package hyperref Info: Option `colorlinks' set `true' on input line 4064.
Package hyperref Info: Hyper figures OFF on input line 4181.
Package hyperref Info: Link nesting OFF on input line 4186.
Package hyperref Info: Hyper index ON on input line 4189.
Package hyperref Info: Plain pages OFF on input line 4196.
Package hyperref Info: Backreferencing OFF on input line 4201.
Package hyperref Info: Implicit mode ON; LaTeX internals redefined.
Package hyperref Info: Bookmarks ON on input line 4448.
\c@Hy@tempcnt=\count268

(C:\Users\Pasca\AppData\Local\Programs\MiKTeX\tex/latex/url\url.sty
\Urlmuskip=\muskip16
Package: url 2013/09/16  ver 3.4  Verb mode for urls, etc.
)
LaTeX Info: Redefining \url on input line 4786.
\XeTeXLinkMargin=\dimen153

(C:\Users\Pasca\AppData\Local\Programs\MiKTeX\tex/generic/bitset\bitset.sty
Package: bitset 2019/12/09 v1.3 Handle bit-vector datatype (HO)

(C:\Users\Pasca\AppData\Local\Programs\MiKTeX\tex/generic/bigintcalc\bigintcalc
.sty
Package: bigintcalc 2019/12/15 v1.5 Expandable calculations on big integers (HO
)
))
\Fld@menulength=\count269
\Field@Width=\dimen154
\Fld@charsize=\dimen155
Package hyperref Info: Hyper figures OFF on input line 6065.
Package hyperref Info: Link nesting OFF on input line 6070.
Package hyperref Info: Hyper index ON on input line 6073.
Package hyperref Info: backreferencing OFF on input line 6080.
Package hyperref Info: Link coloring ON on input line 6083.
Package hyperref Info: Link coloring with OCG OFF on input line 6090.
Package hyperref Info: PDF/A mode OFF on input line 6095.

(C:\Users\Pasca\AppData\Local\Programs\MiKTeX\tex/latex/base\atbegshi-ltx.sty
Package: atbegshi-ltx 2021/01/10 v1.0c Emulation of the original atbegshi
package with kernel methods
)
\Hy@abspage=\count270
\c@Item=\count271
\c@Hfootnote=\count272
)
Package hyperref Info: Driver (autodetected): hxetex.
(C:\Users\Pasca\AppData\Local\Programs\MiKTeX\tex/latex/hyperref\hxetex.def
File: hxetex.def 2023-11-26 v7.01g Hyperref driver for XeTeX

(C:\Users\Pasca\AppData\Local\Programs\MiKTeX\tex/generic/stringenc\stringenc.s
ty
Package: stringenc 2019/11/29 v1.12 Convert strings between diff. encodings (HO
)
)
\pdfm@box=\box51
\c@Hy@AnnotLevel=\count273
\HyField@AnnotCount=\count274
\Fld@listcount=\count275
\c@bookmark@seq@number=\count276

(C:\Users\Pasca\AppData\Local\Programs\MiKTeX\tex/latex/rerunfilecheck\rerunfil
echeck.sty
Package: rerunfilecheck 2022-07-10 v1.10 Rerun checks for auxiliary files (HO)

(C:\Users\Pasca\AppData\Local\Programs\MiKTeX\tex/latex/base\atveryend-ltx.sty
Package: atveryend-ltx 2020/08/19 v1.0a Emulation of the original atveryend pac
kage
with kernel methods
)
(C:\Users\Pasca\AppData\Local\Programs\MiKTeX\tex/generic/uniquecounter\uniquec
ounter.sty
Package: uniquecounter 2019/12/15 v1.4 Provide unlimited unique counter (HO)
)
Package uniquecounter Info: New unique counter `rerunfilecheck' on input line 2
85.
)
\Hy@SectionHShift=\skip50
)
(C:\Users\Pasca\AppData\Local\Programs\MiKTeX\tex/latex/amsmath\amsmath.sty
Package: amsmath 2023/05/13 v2.17o AMS math features
\@mathmargin=\skip51

For additional information on amsmath, use the `?' option.
(C:\Users\Pasca\AppData\Local\Programs\MiKTeX\tex/latex/amsmath\amstext.sty
Package: amstext 2021/08/26 v2.01 AMS text

(C:\Users\Pasca\AppData\Local\Programs\MiKTeX\tex/latex/amsmath\amsgen.sty
File: amsgen.sty 1999/11/30 v2.0 generic functions
\@emptytoks=\toks21
\ex@=\dimen156
))
(C:\Users\Pasca\AppData\Local\Programs\MiKTeX\tex/latex/amsmath\amsbsy.sty
Package: amsbsy 1999/11/29 v1.2d Bold Symbols
\pmbraise@=\dimen157
)
(C:\Users\Pasca\AppData\Local\Programs\MiKTeX\tex/latex/amsmath\amsopn.sty
Package: amsopn 2022/04/08 v2.04 operator names
)
\inf@bad=\count277
LaTeX Info: Redefining \frac on input line 234.
\uproot@=\count278
\leftroot@=\count279
LaTeX Info: Redefining \overline on input line 399.
LaTeX Info: Redefining \colon on input line 410.
\classnum@=\count280
\DOTSCASE@=\count281
LaTeX Info: Redefining \ldots on input line 496.
LaTeX Info: Redefining \dots on input line 499.
LaTeX Info: Redefining \cdots on input line 620.
\Mathstrutbox@=\box52
\strutbox@=\box53
LaTeX Info: Redefining \big on input line 722.
LaTeX Info: Redefining \Big on input line 723.
LaTeX Info: Redefining \bigg on input line 724.
LaTeX Info: Redefining \Bigg on input line 725.
\big@size=\dimen158
LaTeX Font Info:    Redeclaring font encoding OML on input line 743.
LaTeX Font Info:    Redeclaring font encoding OMS on input line 744.
\macc@depth=\count282
LaTeX Info: Redefining \bmod on input line 905.
LaTeX Info: Redefining \pmod on input line 910.
LaTeX Info: Redefining \smash on input line 940.
LaTeX Info: Redefining \relbar on input line 970.
LaTeX Info: Redefining \Relbar on input line 971.
\c@MaxMatrixCols=\count283
\dotsspace@=\muskip17
\c@parentequation=\count284
\dspbrk@lvl=\count285
\tag@help=\toks22
\row@=\count286
\column@=\count287
\maxfields@=\count288
\andhelp@=\toks23
\eqnshift@=\dimen159
\alignsep@=\dimen160
\tagshift@=\dimen161
\tagwidth@=\dimen162
\totwidth@=\dimen163
\lineht@=\dimen164
\@envbody=\toks24
\multlinegap=\skip52
\multlinetaggap=\skip53
\mathdisplay@stack=\toks25
LaTeX Info: Redefining \[ on input line 2953.
LaTeX Info: Redefining \] on input line 2954.
)
(C:\Users\Pasca\AppData\Local\Programs\MiKTeX\tex/latex/amsfonts\amsfonts.sty
Package: amsfonts 2013/01/14 v3.01 Basic AMSFonts support
\symAMSa=\mathgroup4
\symAMSb=\mathgroup5
LaTeX Font Info:    Redeclaring math symbol \hbar on input line 98.
LaTeX Font Info:    Overwriting math alphabet `\mathfrak' in version `bold'
(Font)                  U/euf/m/n --> U/euf/b/n on input line 106.
)
(C:\Users\Pasca\AppData\Local\Programs\MiKTeX\tex/latex/pgf/frontendlayer\tikz.
sty
(C:\Users\Pasca\AppData\Local\Programs\MiKTeX\tex/latex/pgf/basiclayer\pgf.sty
(C:\Users\Pasca\AppData\Local\Programs\MiKTeX\tex/latex/pgf/utilities\pgfrcs.st
y
(C:\Users\Pasca\AppData\Local\Programs\MiKTeX\tex/generic/pgf/utilities\pgfutil
-common.tex
\pgfutil@everybye=\toks26
\pgfutil@tempdima=\dimen165
\pgfutil@tempdimb=\dimen166
)
(C:\Users\Pasca\AppData\Local\Programs\MiKTeX\tex/generic/pgf/utilities\pgfutil
-latex.def
\pgfutil@abb=\box54
)
(C:\Users\Pasca\AppData\Local\Programs\MiKTeX\tex/generic/pgf/utilities\pgfrcs.
code.tex
(C:\Users\Pasca\AppData\Local\Programs\MiKTeX\tex/generic/pgf\pgf.revision.tex)
Package: pgfrcs 2023-01-15 v3.1.10 (3.1.10)
))
Package: pgf 2023-01-15 v3.1.10 (3.1.10)

(C:\Users\Pasca\AppData\Local\Programs\MiKTeX\tex/latex/pgf/basiclayer\pgfcore.
sty
(C:\Users\Pasca\AppData\Local\Programs\MiKTeX\tex/latex/pgf/systemlayer\pgfsys.
sty
(C:\Users\Pasca\AppData\Local\Programs\MiKTeX\tex/generic/pgf/systemlayer\pgfsy
s.code.tex
Package: pgfsys 2023-01-15 v3.1.10 (3.1.10)

(C:\Users\Pasca\AppData\Local\Programs\MiKTeX\tex/generic/pgf/utilities\pgfkeys
.code.tex
\pgfkeys@pathtoks=\toks27
\pgfkeys@temptoks=\toks28

(C:\Users\Pasca\AppData\Local\Programs\MiKTeX\tex/generic/pgf/utilities\pgfkeys
libraryfiltered.code.tex
\pgfkeys@tmptoks=\toks29
))
\pgf@x=\dimen167
\pgf@y=\dimen168
\pgf@xa=\dimen169
\pgf@ya=\dimen170
\pgf@xb=\dimen171
\pgf@yb=\dimen172
\pgf@xc=\dimen173
\pgf@yc=\dimen174
\pgf@xd=\dimen175
\pgf@yd=\dimen176
\w@pgf@writea=\write3
\r@pgf@reada=\read3
\c@pgf@counta=\count289
\c@pgf@countb=\count290
\c@pgf@countc=\count291
\c@pgf@countd=\count292
\t@pgf@toka=\toks30
\t@pgf@tokb=\toks31
\t@pgf@tokc=\toks32
\pgf@sys@id@count=\count293

(C:\Users\Pasca\AppData\Local\Programs\MiKTeX\tex/generic/pgf/systemlayer\pgf.c
fg
File: pgf.cfg 2023-01-15 v3.1.10 (3.1.10)
)
Driver file for pgf: pgfsys-xetex.def

(C:\Users\Pasca\AppData\Local\Programs\MiKTeX\tex/generic/pgf/systemlayer\pgfsy
s-xetex.def
File: pgfsys-xetex.def 2023-01-15 v3.1.10 (3.1.10)

(C:\Users\Pasca\AppData\Local\Programs\MiKTeX\tex/generic/pgf/systemlayer\pgfsy
s-dvipdfmx.def
File: pgfsys-dvipdfmx.def 2023-01-15 v3.1.10 (3.1.10)

(C:\Users\Pasca\AppData\Local\Programs\MiKTeX\tex/generic/pgf/systemlayer\pgfsy
s-common-pdf.def
File: pgfsys-common-pdf.def 2023-01-15 v3.1.10 (3.1.10)
)
\pgfsys@objnum=\count294
)))
(C:\Users\Pasca\AppData\Local\Programs\MiKTeX\tex/generic/pgf/systemlayer\pgfsy
ssoftpath.code.tex
File: pgfsyssoftpath.code.tex 2023-01-15 v3.1.10 (3.1.10)
\pgfsyssoftpath@smallbuffer@items=\count295
\pgfsyssoftpath@bigbuffer@items=\count296
)
(C:\Users\Pasca\AppData\Local\Programs\MiKTeX\tex/generic/pgf/systemlayer\pgfsy
sprotocol.code.tex
File: pgfsysprotocol.code.tex 2023-01-15 v3.1.10 (3.1.10)
))
(C:\Users\Pasca\AppData\Local\Programs\MiKTeX\tex/latex/xcolor\xcolor.sty
Package: xcolor 2023/11/15 v3.01 LaTeX color extensions (UK)

(C:\Users\Pasca\AppData\Local\Programs\MiKTeX\tex/latex/graphics-cfg\color.cfg
File: color.cfg 2016/01/02 v1.6 sample color configuration
)
Package xcolor Info: Driver file: xetex.def on input line 274.
(C:\Users\Pasca\AppData\Local\Programs\MiKTeX\tex/latex/graphics\mathcolor.ltx)
Package xcolor Info: Model `cmy' substituted by `cmy0' on input line 1350.
Package xcolor Info: Model `RGB' extended on input line 1366.
Package xcolor Info: Model `HTML' substituted by `rgb' on input line 1368.
Package xcolor Info: Model `Hsb' substituted by `hsb' on input line 1369.
Package xcolor Info: Model `tHsb' substituted by `hsb' on input line 1370.
Package xcolor Info: Model `HSB' substituted by `hsb' on input line 1371.
Package xcolor Info: Model `Gray' substituted by `gray' on input line 1372.
Package xcolor Info: Model `wave' substituted by `hsb' on input line 1373.
)
(C:\Users\Pasca\AppData\Local\Programs\MiKTeX\tex/generic/pgf/basiclayer\pgfcor
e.code.tex
Package: pgfcore 2023-01-15 v3.1.10 (3.1.10)

(C:\Users\Pasca\AppData\Local\Programs\MiKTeX\tex/generic/pgf/math\pgfmath.code
.tex
(C:\Users\Pasca\AppData\Local\Programs\MiKTeX\tex/generic/pgf/math\pgfmathutil.
code.tex)
(C:\Users\Pasca\AppData\Local\Programs\MiKTeX\tex/generic/pgf/math\pgfmathparse
r.code.tex
\pgfmath@dimen=\dimen177
\pgfmath@count=\count297
\pgfmath@box=\box55
\pgfmath@toks=\toks33
\pgfmath@stack@operand=\toks34
\pgfmath@stack@operation=\toks35
)
(C:\Users\Pasca\AppData\Local\Programs\MiKTeX\tex/generic/pgf/math\pgfmathfunct
ions.code.tex)
(C:\Users\Pasca\AppData\Local\Programs\MiKTeX\tex/generic/pgf/math\pgfmathfunct
ions.basic.code.tex)
(C:\Users\Pasca\AppData\Local\Programs\MiKTeX\tex/generic/pgf/math\pgfmathfunct
ions.trigonometric.code.tex)
(C:\Users\Pasca\AppData\Local\Programs\MiKTeX\tex/generic/pgf/math\pgfmathfunct
ions.random.code.tex)
(C:\Users\Pasca\AppData\Local\Programs\MiKTeX\tex/generic/pgf/math\pgfmathfunct
ions.comparison.code.tex)
(C:\Users\Pasca\AppData\Local\Programs\MiKTeX\tex/generic/pgf/math\pgfmathfunct
ions.base.code.tex)
(C:\Users\Pasca\AppData\Local\Programs\MiKTeX\tex/generic/pgf/math\pgfmathfunct
ions.round.code.tex)
(C:\Users\Pasca\AppData\Local\Programs\MiKTeX\tex/generic/pgf/math\pgfmathfunct
ions.misc.code.tex)
(C:\Users\Pasca\AppData\Local\Programs\MiKTeX\tex/generic/pgf/math\pgfmathfunct
ions.integerarithmetics.code.tex)
(C:\Users\Pasca\AppData\Local\Programs\MiKTeX\tex/generic/pgf/math\pgfmathcalc.
code.tex)
(C:\Users\Pasca\AppData\Local\Programs\MiKTeX\tex/generic/pgf/math\pgfmathfloat
.code.tex
\c@pgfmathroundto@lastzeros=\count298
))
(C:\Users\Pasca\AppData\Local\Programs\MiKTeX\tex/generic/pgf/math\pgfint.code.
tex)
(C:\Users\Pasca\AppData\Local\Programs\MiKTeX\tex/generic/pgf/basiclayer\pgfcor
epoints.code.tex
File: pgfcorepoints.code.tex 2023-01-15 v3.1.10 (3.1.10)
\pgf@picminx=\dimen178
\pgf@picmaxx=\dimen179
\pgf@picminy=\dimen180
\pgf@picmaxy=\dimen181
\pgf@pathminx=\dimen182
\pgf@pathmaxx=\dimen183
\pgf@pathminy=\dimen184
\pgf@pathmaxy=\dimen185
\pgf@xx=\dimen186
\pgf@xy=\dimen187
\pgf@yx=\dimen188
\pgf@yy=\dimen189
\pgf@zx=\dimen190
\pgf@zy=\dimen191
)
(C:\Users\Pasca\AppData\Local\Programs\MiKTeX\tex/generic/pgf/basiclayer\pgfcor
epathconstruct.code.tex
File: pgfcorepathconstruct.code.tex 2023-01-15 v3.1.10 (3.1.10)
\pgf@path@lastx=\dimen192
\pgf@path@lasty=\dimen193
)
(C:\Users\Pasca\AppData\Local\Programs\MiKTeX\tex/generic/pgf/basiclayer\pgfcor
epathusage.code.tex
File: pgfcorepathusage.code.tex 2023-01-15 v3.1.10 (3.1.10)
\pgf@shorten@end@additional=\dimen194
\pgf@shorten@start@additional=\dimen195
)
(C:\Users\Pasca\AppData\Local\Programs\MiKTeX\tex/generic/pgf/basiclayer\pgfcor
escopes.code.tex
File: pgfcorescopes.code.tex 2023-01-15 v3.1.10 (3.1.10)
\pgfpic=\box56
\pgf@hbox=\box57
\pgf@layerbox@main=\box58
\pgf@picture@serial@count=\count299
)
(C:\Users\Pasca\AppData\Local\Programs\MiKTeX\tex/generic/pgf/basiclayer\pgfcor
egraphicstate.code.tex
File: pgfcoregraphicstate.code.tex 2023-01-15 v3.1.10 (3.1.10)
\pgflinewidth=\dimen196
)
(C:\Users\Pasca\AppData\Local\Programs\MiKTeX\tex/generic/pgf/basiclayer\pgfcor
etransformations.code.tex
File: pgfcoretransformations.code.tex 2023-01-15 v3.1.10 (3.1.10)
\pgf@pt@x=\dimen197
\pgf@pt@y=\dimen198
\pgf@pt@temp=\dimen199
)
(C:\Users\Pasca\AppData\Local\Programs\MiKTeX\tex/generic/pgf/basiclayer\pgfcor
equick.code.tex
File: pgfcorequick.code.tex 2023-01-15 v3.1.10 (3.1.10)
)
(C:\Users\Pasca\AppData\Local\Programs\MiKTeX\tex/generic/pgf/basiclayer\pgfcor
eobjects.code.tex
File: pgfcoreobjects.code.tex 2023-01-15 v3.1.10 (3.1.10)
)
(C:\Users\Pasca\AppData\Local\Programs\MiKTeX\tex/generic/pgf/basiclayer\pgfcor
epathprocessing.code.tex
File: pgfcorepathprocessing.code.tex 2023-01-15 v3.1.10 (3.1.10)
)
(C:\Users\Pasca\AppData\Local\Programs\MiKTeX\tex/generic/pgf/basiclayer\pgfcor
earrows.code.tex
File: pgfcorearrows.code.tex 2023-01-15 v3.1.10 (3.1.10)
\pgfarrowsep=\dimen256
)
(C:\Users\Pasca\AppData\Local\Programs\MiKTeX\tex/generic/pgf/basiclayer\pgfcor
eshade.code.tex
File: pgfcoreshade.code.tex 2023-01-15 v3.1.10 (3.1.10)
\pgf@max=\dimen257
\pgf@sys@shading@range@num=\count300
\pgf@shadingcount=\count301
)
(C:\Users\Pasca\AppData\Local\Programs\MiKTeX\tex/generic/pgf/basiclayer\pgfcor
eimage.code.tex
File: pgfcoreimage.code.tex 2023-01-15 v3.1.10 (3.1.10)
)
(C:\Users\Pasca\AppData\Local\Programs\MiKTeX\tex/generic/pgf/basiclayer\pgfcor
eexternal.code.tex
File: pgfcoreexternal.code.tex 2023-01-15 v3.1.10 (3.1.10)
\pgfexternal@startupbox=\box59
)
(C:\Users\Pasca\AppData\Local\Programs\MiKTeX\tex/generic/pgf/basiclayer\pgfcor
elayers.code.tex
File: pgfcorelayers.code.tex 2023-01-15 v3.1.10 (3.1.10)
)
(C:\Users\Pasca\AppData\Local\Programs\MiKTeX\tex/generic/pgf/basiclayer\pgfcor
etransparency.code.tex
File: pgfcoretransparency.code.tex 2023-01-15 v3.1.10 (3.1.10)
)
(C:\Users\Pasca\AppData\Local\Programs\MiKTeX\tex/generic/pgf/basiclayer\pgfcor
epatterns.code.tex
File: pgfcorepatterns.code.tex 2023-01-15 v3.1.10 (3.1.10)
)
(C:\Users\Pasca\AppData\Local\Programs\MiKTeX\tex/generic/pgf/basiclayer\pgfcor
erdf.code.tex
File: pgfcorerdf.code.tex 2023-01-15 v3.1.10 (3.1.10)
)))
(C:\Users\Pasca\AppData\Local\Programs\MiKTeX\tex/generic/pgf/modules\pgfmodule
shapes.code.tex
File: pgfmoduleshapes.code.tex 2023-01-15 v3.1.10 (3.1.10)
\pgfnodeparttextbox=\box60
)
(C:\Users\Pasca\AppData\Local\Programs\MiKTeX\tex/generic/pgf/modules\pgfmodule
plot.code.tex
File: pgfmoduleplot.code.tex 2023-01-15 v3.1.10 (3.1.10)
)
(C:\Users\Pasca\AppData\Local\Programs\MiKTeX\tex/latex/pgf/compatibility\pgfco
mp-version-0-65.sty
Package: pgfcomp-version-0-65 2023-01-15 v3.1.10 (3.1.10)
\pgf@nodesepstart=\dimen258
\pgf@nodesepend=\dimen259
)
(C:\Users\Pasca\AppData\Local\Programs\MiKTeX\tex/latex/pgf/compatibility\pgfco
mp-version-1-18.sty
Package: pgfcomp-version-1-18 2023-01-15 v3.1.10 (3.1.10)
))
(C:\Users\Pasca\AppData\Local\Programs\MiKTeX\tex/latex/pgf/utilities\pgffor.st
y
(C:\Users\Pasca\AppData\Local\Programs\MiKTeX\tex/latex/pgf/utilities\pgfkeys.s
ty
(C:\Users\Pasca\AppData\Local\Programs\MiKTeX\tex/generic/pgf/utilities\pgfkeys
.code.tex))
(C:\Users\Pasca\AppData\Local\Programs\MiKTeX\tex/latex/pgf/math\pgfmath.sty
(C:\Users\Pasca\AppData\Local\Programs\MiKTeX\tex/generic/pgf/math\pgfmath.code
.tex))
(C:\Users\Pasca\AppData\Local\Programs\MiKTeX\tex/generic/pgf/utilities\pgffor.
code.tex
Package: pgffor 2023-01-15 v3.1.10 (3.1.10)
\pgffor@iter=\dimen260
\pgffor@skip=\dimen261
\pgffor@stack=\toks36
\pgffor@toks=\toks37
))
(C:\Users\Pasca\AppData\Local\Programs\MiKTeX\tex/generic/pgf/frontendlayer/tik
z\tikz.code.tex
Package: tikz 2023-01-15 v3.1.10 (3.1.10)

(C:\Users\Pasca\AppData\Local\Programs\MiKTeX\tex/generic/pgf/libraries\pgflibr
aryplothandlers.code.tex
File: pgflibraryplothandlers.code.tex 2023-01-15 v3.1.10 (3.1.10)
\pgf@plot@mark@count=\count302
\pgfplotmarksize=\dimen262
)
\tikz@lastx=\dimen263
\tikz@lasty=\dimen264
\tikz@lastxsaved=\dimen265
\tikz@lastysaved=\dimen266
\tikz@lastmovetox=\dimen267
\tikz@lastmovetoy=\dimen268
\tikzleveldistance=\dimen269
\tikzsiblingdistance=\dimen270
\tikz@figbox=\box61
\tikz@figbox@bg=\box62
\tikz@tempbox=\box63
\tikz@tempbox@bg=\box64
\tikztreelevel=\count303
\tikznumberofchildren=\count304
\tikznumberofcurrentchild=\count305
\tikz@fig@count=\count306

(C:\Users\Pasca\AppData\Local\Programs\MiKTeX\tex/generic/pgf/modules\pgfmodule
matrix.code.tex
File: pgfmodulematrix.code.tex 2023-01-15 v3.1.10 (3.1.10)
\pgfmatrixcurrentrow=\count307
\pgfmatrixcurrentcolumn=\count308
\pgf@matrix@numberofcolumns=\count309
)
\tikz@expandcount=\count310

(C:\Users\Pasca\AppData\Local\Programs\MiKTeX\tex/generic/pgf/frontendlayer/tik
z/libraries\tikzlibrarytopaths.code.tex
File: tikzlibrarytopaths.code.tex 2023-01-15 v3.1.10 (3.1.10)
)))
(C:\Users\Pasca\AppData\Local\Programs\MiKTeX\tex/latex/comment\comment.sty
\CommentStream=\write4

Excluding comment 'comment')
(C:\Users\Pasca\AppData\Local\Programs\MiKTeX\tex/latex/tools\verbatim.sty
Package: verbatim 2023-11-06 v1.5v LaTeX2e package for verbatim enhancements
\every@verbatim=\toks38
\verbatim@line=\toks39
\verbatim@in@stream=\read4
)
(C:\Users\Pasca\AppData\Local\Programs\MiKTeX\tex/latex/sectsty\sectsty.sty
Package: sectsty 2002/02/25 v2.0.2 Commands to change all sectional heading sty
les


LaTeX Warning: Command \underbar  has changed.
               Check if current package is valid.


LaTeX Warning: Command \underline  has changed.
               Check if current package is valid.

) (C:\Users\Pasca\AppData\Local\Programs\MiKTeX\tex/latex/float\float.sty
Package: float 2001/11/08 v1.3d Float enhancements (AL)
\c@float@type=\count311
\float@exts=\toks40
\float@box=\box65
\@float@everytoks=\toks41
\@floatcapt=\box66
)
(C:\Users\Pasca\AppData\Local\Programs\MiKTeX\tex/latex/titling\titling.sty
Package: titling 2009/09/04 v2.1d maketitle typesetting
\thanksmarkwidth=\skip54
\thanksmargin=\skip55
\droptitle=\skip56
)
(C:\Users\Pasca\AppData\Local\Programs\MiKTeX\tex/latex/blindtext\blindtext.sty
Package: blindtext 2012/01/06 V2.0 blindtext-Package
(C:\Users\Pasca\AppData\Local\Programs\MiKTeX\tex/latex/tools\xspace.sty
Package: xspace 2014/10/28 v1.13 Space after command names (DPC,MH)
)
\c@blindtext=\count312
\c@Blindtext=\count313
\c@blind@countparstart=\count314
\blind@countxx=\count315
\blindtext@numBlindtext=\count316
\blind@countyy=\count317
\c@blindlist=\count318
\c@blindlistlevel=\count319
\c@blindlist@level=\count320
\blind@listitem=\count321
\c@blind@listcount=\count322
\c@blind@levelcount=\count323
\blind@mathformula=\count324
\blind@Mathformula=\count325
\c@blind@randomcount=\count326
\c@blind@randommax=\count327
\c@blind@pangramcount=\count328
\c@blind@pangrammax=\count329
)
(C:\Users\Pasca\AppData\Local\Programs\MiKTeX\tex/latex/natbib\natbib.sty
Package: natbib 2010/09/13 8.31b (PWD, AO)
\bibhang=\skip57
\bibsep=\skip58
LaTeX Info: Redefining \cite on input line 694.
\c@NAT@ctr=\count330
)
(C:\Users\Pasca\AppData\Local\Programs\MiKTeX\tex/latex/todonotes\todonotes.sty
Package: todonotes 2024/01/05 v1.1.7 Todonotes source and documentation.
Package: todonotes 2024/01/05
(C:\Users\Pasca\AppData\Local\Programs\MiKTeX\tex/latex/base\ifthen.sty
Package: ifthen 2022/04/13 v1.1d Standard LaTeX ifthen package (DPC)
)
(C:\Users\Pasca\AppData\Local\Programs\MiKTeX\tex/latex/xkeyval\xkeyval.sty
Package: xkeyval 2022/06/16 v2.9 package option processing (HA)

(C:\Users\Pasca\AppData\Local\Programs\MiKTeX\tex/generic/xkeyval\xkeyval.tex
(C:\Users\Pasca\AppData\Local\Programs\MiKTeX\tex/generic/xkeyval\xkvutils.tex
\XKV@toks=\toks42
\XKV@tempa@toks=\toks43
)
\XKV@depth=\count331
File: xkeyval.tex 2014/12/03 v2.7a key=value parser (HA)
))
(C:\Users\Pasca\AppData\Local\Programs\MiKTeX\tex/generic/pgf/frontendlayer/tik
z/libraries\tikzlibrarypositioning.code.tex
File: tikzlibrarypositioning.code.tex 2023-01-15 v3.1.10 (3.1.10)
)
(C:\Users\Pasca\AppData\Local\Programs\MiKTeX\tex/latex/tools\calc.sty
Package: calc 2023/07/08 v4.3 Infix arithmetic (KKT,FJ)
\calc@Acount=\count332
\calc@Bcount=\count333
\calc@Adimen=\dimen271
\calc@Bdimen=\dimen272
\calc@Askip=\skip59
\calc@Bskip=\skip60
LaTeX Info: Redefining \setlength on input line 80.
LaTeX Info: Redefining \addtolength on input line 81.
\calc@Ccount=\count334
\calc@Cskip=\skip61
)
\c@@todonotes@numberoftodonotes=\count335
)
(C:\Users\Pasca\AppData\Local\Programs\MiKTeX\tex/latex/enumitem\enumitem.sty
Package: enumitem 2019/06/20 v3.9 Customized lists
\labelindent=\skip62
\enit@outerparindent=\dimen273
\enit@toks=\toks44
\enit@inbox=\box67
\enit@count@id=\count336
\enitdp@description=\count337
)
(C:\Users\Pasca\AppData\Local\Programs\MiKTeX\tex/latex/tabularray\tabularray.s
ty (C:\Users\Pasca\AppData\Local\Programs\MiKTeX\tex/latex/l3kernel\expl3.sty
Package: expl3 2024-01-04 L3 programming layer (loader) 

(C:\Users\Pasca\AppData\Local\Programs\MiKTeX\tex/latex/l3backend\l3backend-xet
ex.def
File: l3backend-xetex.def 2024-01-04 L3 backend support: XeTeX
\g__graphics_track_int=\count338
\l__pdf_internal_box=\box68
\g__pdf_backend_object_int=\count339
\g__pdf_backend_annotation_int=\count340
\g__pdf_backend_link_int=\count341
))
Package: tabularray 2024-02-16 v2024A Typeset tabulars and arrays with LaTeX3
\l__tblr_a_int=\count342
\l__tblr_c_int=\count343
\l__tblr_r_int=\count344
\l__tblr_d_dim=\dimen274
\l__tblr_h_dim=\dimen275
\l__tblr_o_dim=\dimen276
\l__tblr_p_dim=\dimen277
\l__tblr_q_dim=\dimen278
\l__tblr_r_dim=\dimen279
\l__tblr_s_dim=\dimen280
\l__tblr_t_dim=\dimen281
\l__tblr_v_dim=\dimen282
\l__tblr_w_dim=\dimen283
\l__tblr_a_box=\box69
\l__tblr_b_box=\box70
\l__tblr_c_box=\box71
\l__tblr_d_box=\box72
\g__tblr_table_count_int=\count345
\c@rownum=\count346
\c@colnum=\count347
\c@rowcount=\count348
\c@colcount=\count349
\abovesep=\dimen284
\belowsep=\dimen285
\leftsep=\dimen286
\rightsep=\dimen287
\g_tblr_level_int=\count350
\g__tblr_data_row_key_count_int=\count351
\g__tblr_data_column_key_count_int=\count352
\g__tblr_data_cell_key_count_int=\count353
\g__tblr_array_int=\count354
\l__tblr_key_count_int=\count355
\l__tblr_key_quotient_int=\count356
\l__tblr_key_quotient_two_int=\count357
\l__tblr_key_remainder_int=\count358
\g__tblr_data_str_value_count_int=\count359
\rulewidth=\dimen288
\l__tblr_strut_dp_dim=\dimen289
\l__tblr_strut_ht_dim=\dimen290
\g__tblr_cell_wd_dim=\dimen291
\g__tblr_cell_ht_dim=\dimen292
\g__tblr_cell_head_dim=\dimen293
\g__tblr_cell_foot_dim=\dimen294
\l__column_target_dim=\dimen295
\l__tblr_caption_box=\box73
\l__tblr_caption_left_box=\box74
\l__tblr_row_head_box=\box75
\l__tblr_row_foot_box=\box76
\l__tblr_row_head_foot_dim=\dimen296
\tablewidth=\dimen297
\l__tblr_table_firsthead_box=\box77
\l__tblr_table_middlehead_box=\box78
\l__tblr_table_lasthead_box=\box79
\l__tblr_table_firstfoot_box=\box80
\l__tblr_table_middlefoot_box=\box81
\l__tblr_table_lastfoot_box=\box82
\l__tblr_remain_height_dim=\dimen298
\l__tblr_long_from_int=\count360
\l__tblr_long_to_int=\count361
\l__tblr_curr_i_int=\count362
\l__tblr_prev_i_int=\count363
\l__tblr_table_page_int=\count364
\l__tblr_table_head_box=\box83
\l__tblr_table_foot_box=\box84
\l__tblr_table_head_foot_dim=\dimen299
\l__tblr_table_head_body_foot_dim=\dimen300
\l__tblr_table_box=\box85
\l__tblr_table_hlines_box=\box86
\l__tblr_hline_box=\box87
\l__tblr_row_box=\box88
\l__tblr_col_o_wd_dim=\dimen301
\l__tblr_col_b_wd_dim=\dimen302
\l__tblr_hline_leftskip_dim=\dimen303
\l__tblr_hline_rightskip_dim=\dimen304
\l__tblr_row_ht_dim=\dimen305
\l__tblr_row_dp_dim=\dimen306
\l__tblr_row_abovesep_dim=\dimen307
\l__tblr_row_belowsep_dim=\dimen308
\l__tblr_row_vlines_box=\box89
\l__tblr_vline_box=\box90
\l__tblr_cell_box=\box91
\l__row_upper_dim=\dimen309
\l__row_lower_dim=\dimen310
\l__row_vpace_dim=\dimen311
\l__tblr_vline_aboveskip_dim=\dimen312
\l__tblr_vline_belowskip_dim=\dimen313
\l__tblr_cell_wd_dim=\dimen314
\l__tblr_cell_ht_dim=\dimen315
\l__tblr_diag_box=\box92
)
(C:\Users\Pasca\AppData\Local\Programs\MiKTeX\tex/latex/base\textcomp.sty
Package: textcomp 2020/02/02 v2.0n Standard LaTeX package
)
(C:\Users\Pasca\AppData\Local\Programs\MiKTeX\tex/latex/gensymb\gensymb.sty
Package: gensymb 2022/10/17 v1.0.2 (KJH)
)
(C:\Users\Pasca\AppData\Local\Programs\MiKTeX\tex/latex/wallpaper\wallpaper.sty
Package: wallpaper 2005/01/18, v1.01 easy wallpaper formatting (MHFW)
(C:\Users\Pasca\AppData\Local\Programs\MiKTeX\tex/latex/eso-pic\eso-pic.sty
Package: eso-pic 2023/05/03 v3.0c eso-pic (RN)
\ESO@tempdima=\dimen316
\ESO@tempdimb=\dimen317
)
\wpXoffset=\skip63
\wpYoffset=\skip64
\tileXoffset=\skip65
\tileYoffset=\skip66
\tilewidth=\skip67
\tileheight=\skip68
\tileX=\skip69
\tileY=\skip70
)
(C:\Users\Pasca\AppData\Local\Programs\MiKTeX\tex/latex/tools\afterpage.sty
Package: afterpage 2023/07/04 v1.08 After-Page Package (DPC)
\AP@output=\toks45
\AP@partial=\box93
\AP@footins=\box94
)
(C:\Users\Pasca\AppData\Local\Programs\MiKTeX\tex/latex/titlesec\titlesec.sty
Package: titlesec 2023/10/27 v2.16 Sectioning titles
\ttl@box=\box95
\beforetitleunit=\skip71
\aftertitleunit=\skip72
\ttl@plus=\dimen318
\ttl@minus=\dimen319
\ttl@toksa=\toks46
\titlewidth=\dimen320
\titlewidthlast=\dimen321
\titlewidthfirst=\dimen322
)
(C:\Users\Pasca\AppData\Local\Programs\MiKTeX\tex/latex/colortbl\colortbl.sty
Package: colortbl 2024/02/20 v1.0g Color table columns (DPC)

(C:\Users\Pasca\AppData\Local\Programs\MiKTeX\tex/latex/tools\array.sty
Package: array 2023/10/16 v2.5g Tabular extension package (FMi)
\col@sep=\dimen323
\ar@mcellbox=\box96
\extrarowheight=\dimen324
\NC@list=\toks47
\extratabsurround=\skip73
\backup@length=\skip74
\ar@cellbox=\box97
)
\everycr=\toks48
\minrowclearance=\skip75
)
(C:\Users\Pasca\AppData\Local\Programs\MiKTeX\tex/latex/fontspec\fontspec.sty
(C:\Users\Pasca\AppData\Local\Programs\MiKTeX\tex/latex/l3packages/xparse\xpars
e.sty
Package: xparse 2023-10-10 L3 Experimental document command parser
)
Package: fontspec 2022/01/15 v2.8a Font selection for XeLaTeX and LuaLaTeX

(C:\Users\Pasca\AppData\Local\Programs\MiKTeX\tex/latex/fontspec\fontspec-xetex
.sty
Package: fontspec-xetex 2022/01/15 v2.8a Font selection for XeLaTeX and LuaLaTe
X
\l__fontspec_script_int=\count365
\l__fontspec_language_int=\count366
\l__fontspec_strnum_int=\count367
\l__fontspec_tmp_int=\count368
\l__fontspec_tmpa_int=\count369
\l__fontspec_tmpb_int=\count370
\l__fontspec_tmpc_int=\count371
\l__fontspec_em_int=\count372
\l__fontspec_emdef_int=\count373
\l__fontspec_strong_int=\count374
\l__fontspec_strongdef_int=\count375
\l__fontspec_tmpa_dim=\dimen325
\l__fontspec_tmpb_dim=\dimen326
\l__fontspec_tmpc_dim=\dimen327
 (C:\Users\Pasca\AppData\Local\Programs\MiKTeX\tex/latex/base\fontenc.sty
Package: fontenc 2021/04/29 v2.0v Standard LaTeX package
)
(C:\Users\Pasca\AppData\Local\Programs\MiKTeX\tex/latex/fontspec\fontspec.cfg))
) (C:\Users\Pasca\AppData\Local\Programs\MiKTeX\tex/latex/forloop\forloop.sty
Package: forloop 2023/05/03 v3.0 For Loops for LaTeX
)
(C:\Users\Pasca\AppData\Local\Programs\MiKTeX\tex/latex/mfirstuc\mfirstuc.sty
Package: mfirstuc 2022/10/14 v2.08 (NLCT)
\@glsmfirst=\toks49
\@glsmrest=\toks50
)
(C:\Users\Pasca\AppData\Local\Programs\MiKTeX\tex/latex/tools\longtable.sty
Package: longtable 2023-11-01 v4.19 Multi-page Table package (DPC)
\LTleft=\skip76
\LTright=\skip77
\LTpre=\skip78
\LTpost=\skip79
\LTchunksize=\count376
\LTcapwidth=\dimen328
\LT@head=\box98
\LT@firsthead=\box99
\LT@foot=\box100
\LT@lastfoot=\box101
\LT@gbox=\box102
\LT@cols=\count377
\LT@rows=\count378
\c@LT@tables=\count379
\c@LT@chunks=\count380
\LT@p@ftn=\toks51
)
(C:\Users\Pasca\AppData\Local\Programs\MiKTeX\tex/latex/adjustbox\adjustbox.sty
Package: adjustbox 2022/10/17 v1.3a Adjusting TeX boxes (trim, clip, ...)
(C:\Users\Pasca\AppData\Local\Programs\MiKTeX\tex/latex/adjustbox\adjcalc.sty
Package: adjcalc 2012/05/16 v1.1 Provides advanced setlength with multiple back
-ends (calc, etex, pgfmath)
)
(C:\Users\Pasca\AppData\Local\Programs\MiKTeX\tex/latex/adjustbox\trimclip.sty
Package: trimclip 2020/08/19 v1.2 Trim and clip general TeX material

(C:\Users\Pasca\AppData\Local\Programs\MiKTeX\tex/latex/collectbox\collectbox.s
ty
Package: collectbox 2022/10/17 v0.4c Collect macro arguments as boxes
\collectedbox=\box103
)
\tc@llx=\dimen329
\tc@lly=\dimen330
\tc@urx=\dimen331
\tc@ury=\dimen332
Package trimclip Info: Using driver 'tc-xetex.def'.

(C:\Users\Pasca\AppData\Local\Programs\MiKTeX\tex/latex/adjustbox\tc-xetex.def
File: tc-xetex.def 2019/01/04 v2.2 Clipping driver for xetex
))
\adjbox@Width=\dimen333
\adjbox@Height=\dimen334
\adjbox@Depth=\dimen335
\adjbox@Totalheight=\dimen336
\adjbox@pwidth=\dimen337
\adjbox@pheight=\dimen338
\adjbox@pdepth=\dimen339
\adjbox@ptotalheight=\dimen340

(C:\Users\Pasca\AppData\Local\Programs\MiKTeX\tex/latex/ifoddpage\ifoddpage.sty
Package: ifoddpage 2022/10/18 v1.2 Conditionals for odd/even page detection
\c@checkoddpage=\count381
) (C:\Users\Pasca\AppData\Local\Programs\MiKTeX\tex/latex/varwidth\varwidth.sty
Package: varwidth 2009/03/30 ver 0.92;  Variable-width minipages
\@vwid@box=\box104
\sift@deathcycles=\count382
\@vwid@loff=\dimen341
\@vwid@roff=\dimen342
))
(C:\Users\Pasca\AppData\Local\Programs\MiKTeX\tex/latex/multirow\multirow.sty
Package: multirow 2021/03/15 v2.8 Span multiple rows of a table
\multirow@colwidth=\skip80
\multirow@cntb=\count383
\multirow@dima=\skip81
\bigstrutjot=\dimen343
)
(C:\Users\Pasca\AppData\Local\Programs\MiKTeX\tex/latex/eurosym\eurosym.sty
Package: eurosym 1998/08/06 v1.1 European currency symbol ``Euro''
\@eurobox=\box105
)
(C:\Users\Pasca\AppData\Local\Programs\MiKTeX\tex/latex/cleveref\cleveref.sty
Package: cleveref 2018/03/27 v0.21.4 Intelligent cross-referencing
Package cleveref Info: `hyperref' support loaded on input line 2370.
LaTeX Info: Redefining \cref on input line 2370.
LaTeX Info: Redefining \Cref on input line 2370.
LaTeX Info: Redefining \crefrange on input line 2370.
LaTeX Info: Redefining \Crefrange on input line 2370.
LaTeX Info: Redefining \cpageref on input line 2370.
LaTeX Info: Redefining \Cpageref on input line 2370.
LaTeX Info: Redefining \cpagerefrange on input line 2370.
LaTeX Info: Redefining \Cpagerefrange on input line 2370.
LaTeX Info: Redefining \labelcref on input line 2370.
LaTeX Info: Redefining \labelcpageref on input line 2370.
Package cleveref Info: include cross-reference names in hyperlinks on input lin
e 7836.
Package cleveref Info: include cross-reference names in hyperlinks on input lin
e 7852.
)
(C:\Users\Pasca\AppData\Local\Programs\MiKTeX\tex/latex/caption\subcaption.sty
Package: subcaption 2023/07/28 v1.6b Sub-captions (AR)

(C:\Users\Pasca\AppData\Local\Programs\MiKTeX\tex/latex/caption\caption.sty
Package: caption 2023/08/05 v3.6o Customizing captions (AR)

(C:\Users\Pasca\AppData\Local\Programs\MiKTeX\tex/latex/caption\caption3.sty
Package: caption3 2023/07/31 v2.4d caption3 kernel (AR)
\caption@tempdima=\dimen344
\captionmargin=\dimen345
\caption@leftmargin=\dimen346
\caption@rightmargin=\dimen347
\caption@width=\dimen348
\caption@indent=\dimen349
\caption@parindent=\dimen350
\caption@hangindent=\dimen351
Package caption Info: Standard document class detected.
)
\c@caption@flags=\count384
\c@continuedfloat=\count385
Package caption Info: float package is loaded.
Package caption Info: hyperref package is loaded.
Package caption Info: longtable package is loaded.

(C:\Users\Pasca\AppData\Local\Programs\MiKTeX\tex/latex/caption\ltcaption.sty
Package: ltcaption 2021/01/08 v1.4c longtable captions (AR)
))
Package caption Info: New subtype `subfigure' on input line 238.
\c@subfigure=\count386
Package caption Info: New subtype `subtable' on input line 238.
\c@subtable=\count387
) (C:\Users\Pasca\AppData\Local\Programs\MiKTeX\tex/latex/booktabs\booktabs.sty
Package: booktabs 2020/01/12 v1.61803398 Publication quality tables
\heavyrulewidth=\dimen352
\lightrulewidth=\dimen353
\cmidrulewidth=\dimen354
\belowrulesep=\dimen355
\belowbottomsep=\dimen356
\aboverulesep=\dimen357
\abovetopsep=\dimen358
\cmidrulesep=\dimen359
\cmidrulekern=\dimen360
\defaultaddspace=\dimen361
\@cmidla=\count388
\@cmidlb=\count389
\@aboverulesep=\dimen362
\@belowrulesep=\dimen363
\@thisruleclass=\count390
\@lastruleclass=\count391
\@thisrulewidth=\dimen364
)

Package fontspec Info: Font family 'Regular.ttf(0)' created for font
(fontspec)             'Regular.ttf' with options [Ligatures=TeX].
(fontspec)              
(fontspec)              This font family consists of the following NFSS
(fontspec)             series/shapes:
(fontspec)              
(fontspec)             - 'normal' (m/n) with NFSS spec.:
(fontspec)             <->"[Regular.ttf]/OT:script=latn;language=dflt;mapping=t
ex-text;"
(fontspec)             - 'small caps'  (m/sc) with NFSS spec.: 


Package fontspec Info: Font family 'Light.ttf(0)' created for font 'Light.ttf'
(fontspec)             with options [].
(fontspec)              
(fontspec)              This font family consists of the following NFSS
(fontspec)             series/shapes:
(fontspec)              
(fontspec)             - 'normal' (m/n) with NFSS spec.:
(fontspec)             <->"[Light.ttf]/OT:script=latn;language=dflt;"
(fontspec)             - 'small caps'  (m/sc) with NFSS spec.: 


Package fontspec Info: Font family 'lightCondensed.ttf(0)' created for font
(fontspec)             'light Condensed.ttf' with options [].
(fontspec)              
(fontspec)              This font family consists of the following NFSS
(fontspec)             series/shapes:
(fontspec)              
(fontspec)             - 'normal' (m/n) with NFSS spec.: <->"[light
(fontspec)             Condensed.ttf]/OT:script=latn;language=dflt;"
(fontspec)             - 'small caps'  (m/sc) with NFSS spec.: 

\c@checkboxcount=\count392
 (FDD.aux (texfiles/general/coverpageEHW.aux)
(texfiles/general/introduction.aux) (texfiles/mech/mechanical.aux

LaTeX Warning: Label `fig:sub1' multiply defined.


LaTeX Warning: Label `fig:sub1@cref' multiply defined.


LaTeX Warning: Label `sub@fig:sub1' multiply defined.


LaTeX Warning: Label `sub@fig:sub1@cref' multiply defined.


LaTeX Warning: Label `fig:sub2' multiply defined.


LaTeX Warning: Label `fig:sub2@cref' multiply defined.


LaTeX Warning: Label `sub@fig:sub2' multiply defined.


LaTeX Warning: Label `sub@fig:sub2@cref' multiply defined.


LaTeX Warning: Label `fig:test' multiply defined.


LaTeX Warning: Label `fig:test@cref' multiply defined.


LaTeX Warning: Label `fig:image1' multiply defined.


LaTeX Warning: Label `fig:image1@cref' multiply defined.


LaTeX Warning: Label `fig:sub1' multiply defined.


LaTeX Warning: Label `fig:sub1@cref' multiply defined.


LaTeX Warning: Label `sub@fig:sub1' multiply defined.


LaTeX Warning: Label `sub@fig:sub1@cref' multiply defined.


LaTeX Warning: Label `fig:sub2' multiply defined.


LaTeX Warning: Label `fig:sub2@cref' multiply defined.


LaTeX Warning: Label `sub@fig:sub2' multiply defined.


LaTeX Warning: Label `sub@fig:sub2@cref' multiply defined.


LaTeX Warning: Label `fig:test' multiply defined.


LaTeX Warning: Label `fig:test@cref' multiply defined.


LaTeX Warning: Label `fig:image1' multiply defined.


LaTeX Warning: Label `fig:image1@cref' multiply defined.


LaTeX Warning: Label `fig:sub1' multiply defined.


LaTeX Warning: Label `fig:sub1@cref' multiply defined.


LaTeX Warning: Label `sub@fig:sub1' multiply defined.


LaTeX Warning: Label `sub@fig:sub1@cref' multiply defined.


LaTeX Warning: Label `fig:sub2' multiply defined.


LaTeX Warning: Label `fig:sub2@cref' multiply defined.


LaTeX Warning: Label `sub@fig:sub2' multiply defined.


LaTeX Warning: Label `sub@fig:sub2@cref' multiply defined.


LaTeX Warning: Label `fig:image1' multiply defined.


LaTeX Warning: Label `fig:image1@cref' multiply defined.


LaTeX Warning: Label `table:components' multiply defined.


LaTeX Warning: Label `table:components@cref' multiply defined.


LaTeX Warning: Label `table:components' multiply defined.


LaTeX Warning: Label `table:components@cref' multiply defined.


LaTeX Warning: Label `fig:guiding_front_2' multiply defined.


LaTeX Warning: Label `fig:guiding_front_2@cref' multiply defined.


LaTeX Warning: Label `fig:guiding_rear_2' multiply defined.


LaTeX Warning: Label `fig:guiding_rear_2@cref' multiply defined.


LaTeX Warning: Label `table:components' multiply defined.


LaTeX Warning: Label `table:components@cref' multiply defined.

) (texfiles/mech/traction.aux

LaTeX Warning: Label `table:components' multiply defined.


LaTeX Warning: Label `table:components@cref' multiply defined.


LaTeX Warning: Label `' multiply defined.


LaTeX Warning: Label `@cref' multiply defined.


LaTeX Warning: Label `fig:CAD Motorshaft' multiply defined.


LaTeX Warning: Label `fig:CAD Motorshaft@cref' multiply defined.


LaTeX Warning: Label `sub@fig:CAD Motorshaft' multiply defined.


LaTeX Warning: Label `sub@fig:CAD Motorshaft@cref' multiply defined.


LaTeX Warning: Label `fig:TD Motorshaft' multiply defined.


LaTeX Warning: Label `fig:TD Motorshaft@cref' multiply defined.


LaTeX Warning: Label `sub@fig:TD Motorshaft' multiply defined.


LaTeX Warning: Label `sub@fig:TD Motorshaft@cref' multiply defined.


LaTeX Warning: Label `fig:Motorshaft' multiply defined.


LaTeX Warning: Label `fig:Motorshaft@cref' multiply defined.


LaTeX Warning: Label `fig:CAD Motorshaft' multiply defined.


LaTeX Warning: Label `fig:CAD Motorshaft@cref' multiply defined.


LaTeX Warning: Label `sub@fig:CAD Motorshaft' multiply defined.


LaTeX Warning: Label `sub@fig:CAD Motorshaft@cref' multiply defined.


LaTeX Warning: Label `fig:TD Motorshaft' multiply defined.


LaTeX Warning: Label `fig:TD Motorshaft@cref' multiply defined.


LaTeX Warning: Label `sub@fig:TD Motorshaft' multiply defined.


LaTeX Warning: Label `sub@fig:TD Motorshaft@cref' multiply defined.


LaTeX Warning: Label `fig:Motorshaft' multiply defined.


LaTeX Warning: Label `fig:Motorshaft@cref' multiply defined.


LaTeX Warning: Label `' multiply defined.


LaTeX Warning: Label `@cref' multiply defined.


LaTeX Warning: Label `fig:CAD Motorshaft' multiply defined.


LaTeX Warning: Label `fig:CAD Motorshaft@cref' multiply defined.


LaTeX Warning: Label `sub@fig:CAD Motorshaft' multiply defined.


LaTeX Warning: Label `sub@fig:CAD Motorshaft@cref' multiply defined.


LaTeX Warning: Label `fig:TD Motorshaft' multiply defined.


LaTeX Warning: Label `fig:TD Motorshaft@cref' multiply defined.


LaTeX Warning: Label `sub@fig:TD Motorshaft' multiply defined.


LaTeX Warning: Label `sub@fig:TD Motorshaft@cref' multiply defined.


LaTeX Warning: Label `fig:Motorshaft' multiply defined.


LaTeX Warning: Label `fig:Motorshaft@cref' multiply defined.


LaTeX Warning: Label `fig:CAD Motorshaft' multiply defined.


LaTeX Warning: Label `fig:CAD Motorshaft@cref' multiply defined.


LaTeX Warning: Label `sub@fig:CAD Motorshaft' multiply defined.


LaTeX Warning: Label `sub@fig:CAD Motorshaft@cref' multiply defined.


LaTeX Warning: Label `fig:TD Motorshaft' multiply defined.


LaTeX Warning: Label `fig:TD Motorshaft@cref' multiply defined.


LaTeX Warning: Label `sub@fig:TD Motorshaft' multiply defined.


LaTeX Warning: Label `sub@fig:TD Motorshaft@cref' multiply defined.


LaTeX Warning: Label `fig:Motorshaft' multiply defined.


LaTeX Warning: Label `fig:Motorshaft@cref' multiply defined.


LaTeX Warning: Label `' multiply defined.


LaTeX Warning: Label `@cref' multiply defined.


LaTeX Warning: Label `' multiply defined.


LaTeX Warning: Label `@cref' multiply defined.


LaTeX Warning: Label `fig:gearshaft_simulation' multiply defined.


LaTeX Warning: Label `fig:gearshaft_simulation@cref' multiply defined.


LaTeX Warning: Label `table:components' multiply defined.


LaTeX Warning: Label `table:components@cref' multiply defined.


LaTeX Warning: Label `table:components' multiply defined.


LaTeX Warning: Label `table:components@cref' multiply defined.

) (texfiles/elec/electrical.aux

LaTeX Warning: Label `Physical connection matrix' multiply defined.


LaTeX Warning: Label `Physical connection matrix@cref' multiply defined.


LaTeX Warning: Label `data-connectivity-matrix' multiply defined.


LaTeX Warning: Label `data-connectivity-matrix@cref' multiply defined.

) (texfiles/general/safety.aux) (texfiles/general/testing.aux))
\openout1 = `FDD.aux'.

LaTeX Font Info:    Checking defaults for OML/cmm/m/it on input line 158.
LaTeX Font Info:    ... okay on input line 158.
LaTeX Font Info:    Checking defaults for OMS/cmsy/m/n on input line 158.
LaTeX Font Info:    ... okay on input line 158.
LaTeX Font Info:    Checking defaults for OT1/cmr/m/n on input line 158.
LaTeX Font Info:    ... okay on input line 158.
LaTeX Font Info:    Checking defaults for T1/cmr/m/n on input line 158.
LaTeX Font Info:    ... okay on input line 158.
LaTeX Font Info:    Checking defaults for TS1/cmr/m/n on input line 158.
LaTeX Font Info:    Trying to load font information for TS1+cmr on input line 1
58.

(C:\Users\Pasca\AppData\Local\Programs\MiKTeX\tex/latex/base\ts1cmr.fd
File: ts1cmr.fd 2023/04/13 v2.5m Standard LaTeX font definitions
)
LaTeX Font Info:    ... okay on input line 158.
LaTeX Font Info:    Checking defaults for TU/lmr/m/n on input line 158.
LaTeX Font Info:    ... okay on input line 158.
LaTeX Font Info:    Checking defaults for OMX/cmex/m/n on input line 158.
LaTeX Font Info:    ... okay on input line 158.
LaTeX Font Info:    Checking defaults for U/cmr/m/n on input line 158.
LaTeX Font Info:    ... okay on input line 158.
LaTeX Font Info:    Checking defaults for PD1/pdf/m/n on input line 158.
LaTeX Font Info:    ... okay on input line 158.
LaTeX Font Info:    Checking defaults for PU/pdf/m/n on input line 158.
LaTeX Font Info:    ... okay on input line 158.

*geometry* driver: auto-detecting
*geometry* detected driver: xetex
*geometry* verbose mode - [ preamble ] result:
* driver: xetex
* paper: a4paper
* layout: <same size as paper>
* layoutoffset:(h,v)=(0.0pt,0.0pt)
* modes: 
* h-part:(L,W,R)=(56.9055pt, 483.69687pt, 56.9055pt)
* v-part:(T,H,B)=(56.9055pt, 759.6886pt, 28.45274pt)
* \paperwidth=597.50787pt
* \paperheight=845.04684pt
* \textwidth=483.69687pt
* \textheight=759.6886pt
* \oddsidemargin=-15.36449pt
* \evensidemargin=-15.36449pt
* \topmargin=-52.36449pt
* \headheight=2.0pt
* \headsep=25.0pt
* \topskip=12.0pt
* \footskip=25.0pt
* \marginparwidth=56.9055pt
* \marginparsep=10.0pt
* \columnsep=10.0pt
* \skip\footins=10.8pt plus 4.0pt minus 2.0pt
* \hoffset=0.0pt
* \voffset=0.0pt
* \mag=1000
* \@twocolumnfalse
* \@twosidefalse
* \@mparswitchfalse
* \@reversemarginfalse
* (1in=72.27pt=25.4mm, 1cm=28.453pt)

Package hyperref Info: Link coloring ON on input line 158.
(FDD.out) (FDD.out)
\@outlinefile=\write5
\openout5 = `FDD.out'.


(C:\Users\Pasca\AppData\Local\Programs\MiKTeX\tex/latex/ninecolors\ninecolors.s
ty
Package: ninecolors 2022-02-13 v2022D Select colors with proper color contrast
)
\symgns@font=\mathgroup6
LaTeX Font Info:    Overwriting symbol font `gns@font' in version `bold'
(Font)                  TS1/Regular.ttf(0)/m/n --> TS1/Regular.ttf(0)/b/n on in
put line 158.
Package gensymb Info: Math companion symbols declared on input line 158.
LaTeX Info: Redefining \degree on input line 158.
LaTeX Info: Redefining \celsius on input line 158.
Package gensymb Info: Using text companion symbols for \degree, \celsius and \p
erthousand on input line 158.
LaTeX Info: Redefining \ohm on input line 158.
Package gensymb Info: Using \textohm for \ohm on input line 158.
Package gensymb Info: Using \textmu for \micro on input line 158.

Package fontspec Info: Adjusting the maths setup (use [no-math] to avoid
(fontspec)             this).

\symlegacymaths=\mathgroup7
LaTeX Font Info:    Overwriting symbol font `legacymaths' in version `bold'
(Font)                  OT1/cmr/m/n --> OT1/cmr/bx/n on input line 158.
LaTeX Font Info:    Redeclaring math accent \acute on input line 158.
LaTeX Font Info:    Redeclaring math accent \grave on input line 158.
LaTeX Font Info:    Redeclaring math accent \ddot on input line 158.
LaTeX Font Info:    Redeclaring math accent \tilde on input line 158.
LaTeX Font Info:    Redeclaring math accent \bar on input line 158.
LaTeX Font Info:    Redeclaring math accent \breve on input line 158.
LaTeX Font Info:    Redeclaring math accent \check on input line 158.
LaTeX Font Info:    Redeclaring math accent \hat on input line 158.
LaTeX Font Info:    Redeclaring math accent \dot on input line 158.
LaTeX Font Info:    Redeclaring math accent \mathring on input line 158.
LaTeX Font Info:    Redeclaring math symbol \Gamma on input line 158.
LaTeX Font Info:    Redeclaring math symbol \Delta on input line 158.
LaTeX Font Info:    Redeclaring math symbol \Theta on input line 158.
LaTeX Font Info:    Redeclaring math symbol \Lambda on input line 158.
LaTeX Font Info:    Redeclaring math symbol \Xi on input line 158.
LaTeX Font Info:    Redeclaring math symbol \Pi on input line 158.
LaTeX Font Info:    Redeclaring math symbol \Sigma on input line 158.
LaTeX Font Info:    Redeclaring math symbol \Upsilon on input line 158.
LaTeX Font Info:    Redeclaring math symbol \Phi on input line 158.
LaTeX Font Info:    Redeclaring math symbol \Psi on input line 158.
LaTeX Font Info:    Redeclaring math symbol \Omega on input line 158.
LaTeX Font Info:    Redeclaring math symbol \mathdollar on input line 158.
LaTeX Font Info:    Redeclaring symbol font `operators' on input line 158.
LaTeX Font Info:    Encoding `OT1' has changed to `TU' for symbol font
(Font)              `operators' in the math version `normal' on input line 158.

LaTeX Font Info:    Overwriting symbol font `operators' in version `normal'
(Font)                  OT1/cmr/m/n --> TU/Regular.ttf(0)/m/n on input line 158
.
LaTeX Font Info:    Encoding `OT1' has changed to `TU' for symbol font
(Font)              `operators' in the math version `bold' on input line 158.
LaTeX Font Info:    Overwriting symbol font `operators' in version `bold'
(Font)                  OT1/cmr/bx/n --> TU/Regular.ttf(0)/m/n on input line 15
8.
LaTeX Font Info:    Overwriting symbol font `operators' in version `normal'
(Font)                  TU/Regular.ttf(0)/m/n --> TU/Regular.ttf(0)/m/n on inpu
t line 158.
LaTeX Font Info:    Overwriting math alphabet `\mathit' in version `normal'
(Font)                  OT1/cmr/m/it --> TU/Regular.ttf(0)/m/it on input line 1
58.
LaTeX Font Info:    Overwriting math alphabet `\mathbf' in version `normal'
(Font)                  OT1/cmr/bx/n --> TU/Regular.ttf(0)/b/n on input line 15
8.
LaTeX Font Info:    Overwriting math alphabet `\mathsf' in version `normal'
(Font)                  OT1/cmss/m/n --> TU/lmss/m/n on input line 158.
LaTeX Font Info:    Overwriting math alphabet `\mathtt' in version `normal'
(Font)                  OT1/cmtt/m/n --> TU/lmtt/m/n on input line 158.
LaTeX Font Info:    Overwriting symbol font `operators' in version `bold'
(Font)                  TU/Regular.ttf(0)/m/n --> TU/Regular.ttf(0)/b/n on inpu
t line 158.
LaTeX Font Info:    Overwriting math alphabet `\mathit' in version `bold'
(Font)                  OT1/cmr/bx/it --> TU/Regular.ttf(0)/b/it on input line 
158.
LaTeX Font Info:    Overwriting math alphabet `\mathsf' in version `bold'
(Font)                  OT1/cmss/bx/n --> TU/lmss/b/n on input line 158.
LaTeX Font Info:    Overwriting math alphabet `\mathtt' in version `bold'
(Font)                  OT1/cmtt/m/n --> TU/lmtt/b/n on input line 158.
Package caption Info: Begin \AtBeginDocument code.
Package caption Info: End \AtBeginDocument code.
\openout2 = `texfiles/general/coverpageEHW.aux'.

 (texfiles/general/coverpageEHW.tex
File: backgroundimages/ZurichImage.png Graphic file (type bmp)
<backgroundimages/ZurichImage.png>


LaTeX Font Warning: Font shape `TU/Regular.ttf(0)/b/n' undefined
(Font)              using `TU/Regular.ttf(0)/m/n' instead on input line 12.


LaTeX Font Warning: Font shape `TU/Regular.ttf(0)/m/sc' undefined
(Font)              using `TU/Regular.ttf(0)/m/n' instead on input line 14.

File: backgroundimages/LogoBlue.png Graphic file (type bmp)
<backgroundimages/LogoBlue.png>
[1


]) (FDD.toc
LaTeX Font Info:    Trying to load font information for U+msa on input line 3.

(C:\Users\Pasca\AppData\Local\Programs\MiKTeX\tex/latex/amsfonts\umsa.fd
File: umsa.fd 2013/01/14 v3.01 AMS symbols A
)
LaTeX Font Info:    Trying to load font information for U+msb on input line 3.

(C:\Users\Pasca\AppData\Local\Programs\MiKTeX\tex/latex/amsfonts\umsb.fd
File: umsb.fd 2013/01/14 v3.01 AMS symbols B
)
LaTeX Font Info:    Trying to load font information for TS1+Regular.ttf(0) on i
nput line 3.
LaTeX Font Info:    No file TS1Regular.ttf(0).fd. on input line 3.


LaTeX Font Warning: Font shape `TS1/Regular.ttf(0)/m/n' undefined
(Font)              using `TS1/cmr/m/n' instead on input line 3.

)
\tf@toc=\write6
\openout6 = `FDD.toc'.

 [1



]
\openout2 = `texfiles/general/introduction.aux'.

 (texfiles/general/introduction.tex
Chapter 1.
[2


]
Overfull \hbox (20.3699pt too wide) in paragraph at lines 12--32
 [][] 
 []


Overfull \hbox (55.67392pt too wide) in paragraph at lines 38--61
 [][] 
 []

[3]) [4]
\openout2 = `texfiles/mech/mechanical.aux'.

 (texfiles/mech/mechanical.tex
Chapter 2.

Underfull \hbox (badness 10000) in paragraph at lines 4--7

 []


Underfull \hbox (badness 10000) in paragraph at lines 12--15

 []

(texfiles/mech/chassis.tex [5




]
Overfull \hbox (0.93929pt too wide) in paragraph at lines 28--30
\TU/Regular.ttf(0)/b/n/12 cutting-edge material renowned for its exceptional st
rength-to-weight ratio and structural integrity.
 []


Overfull \hbox (1.00232pt too wide) in paragraph at lines 47--47
[]|\TU/Regular.ttf(0)/b/n/12 Number| 
 []


Underfull \hbox (badness 10000) in paragraph at lines 47--47
[]|\TU/Regular.ttf(0)/b/n/12 Manufacturing
 []


Underfull \hbox (badness 10000) in paragraph at lines 47--48
[]|\TU/Regular.ttf(0)/b/n/12 In-house/
 []


Overfull \hbox (10.94106pt too wide) in paragraph at lines 49--49
[]|\TU/Regular.ttf(0)/b/n/12 1480x882x20| 
 []


Underfull \hbox (badness 10000) in paragraph at lines 49--49
[]|\TU/Regular.ttf(0)/b/n/12 CF Sand-
 []


Overfull \hbox (7.40106pt too wide) in paragraph at lines 50--50
[]|\TU/Regular.ttf(0)/b/n/12 882x200x20| 
 []


Underfull \hbox (badness 10000) in paragraph at lines 50--50
[]|\TU/Regular.ttf(0)/b/n/12 CF Sand-
 []


Overfull \hbox (7.40106pt too wide) in paragraph at lines 51--51
[]|\TU/Regular.ttf(0)/b/n/12 882x200x20| 
 []


Underfull \hbox (badness 10000) in paragraph at lines 51--51
[]|\TU/Regular.ttf(0)/b/n/12 CF Sand-
 []


Overfull \hbox (8.13306pt too wide) in paragraph at lines 52--52
[]|\TU/Regular.ttf(0)/b/n/12 883x200x20| 
 []


Underfull \hbox (badness 10000) in paragraph at lines 52--52
[]|\TU/Regular.ttf(0)/b/n/12 CF Sand-
 []


Overfull \hbox (8.62506pt too wide) in paragraph at lines 53--53
[]|\TU/Regular.ttf(0)/b/n/12 270x200x20| 
 []


Underfull \hbox (badness 10000) in paragraph at lines 53--53
[]|\TU/Regular.ttf(0)/b/n/12 CF Sand-
 []


Overfull \hbox (1.08905pt too wide) in paragraph at lines 54--54
[]|\TU/Regular.ttf(0)/b/n/12 1480x882x1| 
 []


Overfull \hbox (8.62506pt too wide) in paragraph at lines 58--58
[]|\TU/Regular.ttf(0)/b/n/12 270x200x20| 
 []

[6]
File: texfiles/mech/eimg/chassis/cad1.png Graphic file (type bmp)
<texfiles/mech/eimg/chassis/cad1.png>
File: texfiles/mech/eimg/chassis/technicaldrawing1.png Graphic file (type bmp)
<texfiles/mech/eimg/chassis/technicaldrawing1.png>
File: texfiles/mech/eimg/chassis/technicaldrawing1.png Graphic file (type bmp)
<texfiles/mech/eimg/chassis/technicaldrawing1.png>

Overfull \hbox (15.26404pt too wide) in paragraph at lines 95--101
 [][][] 
 []

File: texfiles/mech/eimg/chassis/technicaldrawing1.png Graphic file (type bmp)
<texfiles/mech/eimg/chassis/technicaldrawing1.png>
File: texfiles/mech/eimg/chassis/technicaldrawing1.png Graphic file (type bmp)
<texfiles/mech/eimg/chassis/technicaldrawing1.png>

Overfull \hbox (15.26404pt too wide) in paragraph at lines 111--117
 [][][] 
 []


Overfull \hbox (0.28893pt too wide) in paragraph at lines 135--136
[]\TU/Regular.ttf(0)/b/n/12 Departing from the original design, which featured 
longitudinal panels spanning the entire length
 []

[7] [8] [9]
File: texfiles/mech/eimg/chassis/fem1.png Graphic file (type bmp)
<texfiles/mech/eimg/chassis/fem1.png>
File: texfiles/mech/eimg/chassis/fem1.png Graphic file (type bmp)
<texfiles/mech/eimg/chassis/fem1.png>
File: texfiles/mech/eimg/chassis/fem1.png Graphic file (type bmp)
<texfiles/mech/eimg/chassis/fem1.png>

Overfull \hbox (15.26404pt too wide) in paragraph at lines 200--206
 [][][] 
 []

[10]
Overfull \hbox (0.6953pt too wide) in paragraph at lines 250--251
\TU/Regular.ttf(0)/b/n/12 the limits of the chassiss structural resilience and
 provides insights into its performance
 []


LaTeX Font Warning: Font shape `TU/Regular.ttf(0)/m/it' undefined
(Font)              using `TU/Regular.ttf(0)/m/n' instead on input line 252.

[11] [12] [13]
Overfull \hbox (0.8609pt too wide) in paragraph at lines 397--398
[]\TU/Regular.ttf(0)/m/it/12 Through adherence to this comprehensive manufactur
ing process, we ensure that the designed
 []

[14] [15]
Overfull \hbox (13.9809pt too wide) in paragraph at lines 465--466
[]\TU/Regular.ttf(0)/m/it/12 Objective: To understand the material properties o
f the chassis, particularly its bending strength
 []


Overfull \hbox (1.46332pt too wide) in paragraph at lines 467--468
[]\TU/Regular.ttf(0)/m/it/12 Outcome: Ascertain the materials resistance to be
nding forces and its behavior under stress. 
 []

[16] [17]) (texfiles/mech/suspension.tex [18]
File: texfiles/mech/eimg/suspension/fbd.png Graphic file (type bmp)
<texfiles/mech/eimg/suspension/fbd.png>
 [19]
File: texfiles/mech/eimg/suspension/CAD_Deign of Rear Suspension.png Graphic fi
le (type bmp)
<texfiles/mech/eimg/suspension/CAD_Deign of Rear Suspension.png>
File: texfiles/mech/eimg/suspension/CAD Design Front wishbone Assembly.png Grap
hic file (type bmp)
<texfiles/mech/eimg/suspension/CAD Design Front wishbone Assembly.png>
 [20]
Missing character: There is no % in font [Regular.ttf]/OT:script=latn;language=
dflt;mapping=tex-text;!
Missing character: There is no  in font [Regular.ttf]/OT:script=latn;language=
dflt;mapping=tex-text;!
Missing character: There is no  in font [Regular.ttf]/OT:script=latn;language=
dflt;mapping=tex-text;!
File: texfiles/mech/eimg/suspension/Mounting FEM results.png Graphic file (type
 bmp)
<texfiles/mech/eimg/suspension/Mounting FEM results.png>
[21]
Missing character: There is no % in font [Regular.ttf]/OT:script=latn;language=
dflt;mapping=tex-text;!

LaTeX Warning: Reference `fig:figure1' on page 22 undefined on input line 159.

[22]
Underfull \hbox (badness 10000) in paragraph at lines 173--173
[]|\TU/Regular.ttf(0)/m/it/12 Mass
 []


Underfull \hbox (badness 10000) in paragraph at lines 173--173
[]|\TU/Regular.ttf(0)/m/it/12 Manufacturing
 []


Underfull \hbox (badness 10000) in paragraph at lines 173--174
[]|\TU/Regular.ttf(0)/m/it/12 In-
 []


Overfull \hbox (25.31212pt too wide) in paragraph at lines 173--174
\TU/Regular.ttf(0)/m/it/12 house/Outsourced| 
 []


Underfull \hbox (badness 10000) in paragraph at lines 175--175
[]|\TU/Regular.ttf(0)/m/it/12 Aluminum
 []


Underfull \hbox (badness 10000) in paragraph at lines 176--176
[]|\TU/Regular.ttf(0)/m/it/12 Galvanized
 []


Underfull \hbox (badness 10000) in paragraph at lines 177--177
[]|\TU/Regular.ttf(0)/m/it/12 Aluminum
 []


Underfull \hbox (badness 2065) in paragraph at lines 178--178
[]|\TU/Regular.ttf(0)/m/it/12 Cylindrical Roller
 []


Underfull \hbox (badness 10000) in paragraph at lines 178--178
\TU/Regular.ttf(0)/m/it/12 Bearing Rear
 []


Underfull \hbox (badness 10000) in paragraph at lines 179--179
[]|\TU/Regular.ttf(0)/m/it/12 Retaining Ring
 []


Underfull \hbox (badness 10000) in paragraph at lines 179--179
[]|\TU/Regular.ttf(0)/m/it/12 Spring
 []


Underfull \hbox (badness 10000) in paragraph at lines 180--180
[]|\TU/Regular.ttf(0)/m/it/12 Rear Upper
 []


Overfull \hbox (2.33289pt too wide) in paragraph at lines 180--180
[]|\TU/Regular.ttf(0)/m/it/12 0.08896| 
 []


Underfull \hbox (badness 10000) in paragraph at lines 180--180
[]|\TU/Regular.ttf(0)/m/it/12 Aluminum
 []


Underfull \hbox (badness 10000) in paragraph at lines 181--181
[]|\TU/Regular.ttf(0)/m/it/12 Rear Lower
 []


Underfull \hbox (badness 10000) in paragraph at lines 181--181
[]|\TU/Regular.ttf(0)/m/it/12 Aluminum
 []


Underfull \hbox (badness 10000) in paragraph at lines 183--183
[]|\TU/Regular.ttf(0)/m/it/12 Wishbone Wall
 []


Overfull \hbox (0.52087pt too wide) in paragraph at lines 183--183
[]|\TU/Regular.ttf(0)/m/it/12 0.02441| 
 []


Underfull \hbox (badness 10000) in paragraph at lines 183--183
[]|\TU/Regular.ttf(0)/m/it/12 Aluminum
 []


Underfull \hbox (badness 10000) in paragraph at lines 184--184
[]|\TU/Regular.ttf(0)/m/it/12 Knuckle Wish-
 []


Overfull \hbox (2.76488pt too wide) in paragraph at lines 184--184
[]|\TU/Regular.ttf(0)/m/it/12 0.02055| 
 []


Underfull \hbox (badness 10000) in paragraph at lines 184--184
[]|\TU/Regular.ttf(0)/m/it/12 Aluminum
 []


Underfull \hbox (badness 4279) in paragraph at lines 185--185
[]|\TU/Regular.ttf(0)/m/it/12 Rear Shock Ab-
 []


Overfull \hbox (1.93687pt too wide) in paragraph at lines 185--185
[]|\TU/Regular.ttf(0)/m/it/12 0.05583| 
 []


Underfull \hbox (badness 10000) in paragraph at lines 185--185
[]|\TU/Regular.ttf(0)/m/it/12 Aluminum
 []


Underfull \hbox (badness 10000) in paragraph at lines 186--186
[]|\TU/Regular.ttf(0)/m/it/12 Aluminum
 []


Underfull \hbox (badness 1097) in paragraph at lines 187--187
[]|\TU/Regular.ttf(0)/m/it/12 Female Rod End
 []


Underfull \hbox (badness 10000) in paragraph at lines 187--187
[]|\TU/Regular.ttf(0)/m/it/12 Stainless
 []


Underfull \hbox (badness 10000) in paragraph at lines 187--187
\TU/Regular.ttf(0)/m/it/12 Steel
 []


Underfull \hbox (badness 10000) in paragraph at lines 188--188
[]|\TU/Regular.ttf(0)/m/it/12 Linkage Con-
 []


Underfull \hbox (badness 10000) in paragraph at lines 188--188
[]|\TU/Regular.ttf(0)/m/it/12 Aluminum
 []


Overfull \hbox (1.40887pt too wide) in paragraph at lines 190--190
[]|\TU/Regular.ttf(0)/m/it/12 0.10959| 
 []


Underfull \hbox (badness 10000) in paragraph at lines 190--190
[]|\TU/Regular.ttf(0)/m/it/12 Aluminum
 []


Overfull \hbox (3.49687pt too wide) in paragraph at lines 191--191
[]|\TU/Regular.ttf(0)/m/it/12 0.09553| 
 []


Underfull \hbox (badness 10000) in paragraph at lines 191--191
[]|\TU/Regular.ttf(0)/m/it/12 Aluminum
 []


Underfull \hbox (badness 10000) in paragraph at lines 192--192
[]|\TU/Regular.ttf(0)/m/it/12 Aluminum
 []


Underfull \hbox (badness 10000) in paragraph at lines 193--193
[]|\TU/Regular.ttf(0)/m/it/12 Aluminum
 []


Underfull \hbox (badness 10000) in paragraph at lines 194--194
[]|\TU/Regular.ttf(0)/m/it/12 Retaining Ring
 []


Underfull \hbox (badness 10000) in paragraph at lines 194--194
[]|\TU/Regular.ttf(0)/m/it/12 Spring
 []

[23] [24] [25]
Underfull \hbox (badness 10000) in paragraph at lines 230--236

 []

[26]) (texfiles/mech/friction_braking.tex
Underfull \hbox (badness 10000) in paragraph at lines 19--20

 []

[27] [28] [29]
Underfull \hbox (badness 10000) in paragraph at lines 95--96

 []


Underfull \hbox (badness 10000) in paragraph at lines 97--98

 []

File: texfiles/mech/eimg/braking/guiding_front_1.jpg Graphic file (type bmp)
<texfiles/mech/eimg/braking/guiding_front_1.jpg>
File: texfiles/mech/eimg/braking/guiding_front_2.jpg Graphic file (type bmp)
<texfiles/mech/eimg/braking/guiding_front_2.jpg>
File: texfiles/mech/eimg/braking/guiding_tech_rear.jpg Graphic file (type bmp)
<texfiles/mech/eimg/braking/guiding_tech_rear.jpg>
File: texfiles/mech/eimg/braking/guiding_tech_rear.jpg Graphic file (type bmp)
<texfiles/mech/eimg/braking/guiding_tech_rear.jpg>
File: texfiles/mech/eimg/braking/guiding_rear_1.jpg Graphic file (type bmp)
<texfiles/mech/eimg/braking/guiding_rear_1.jpg>

Underfull \hbox (badness 6332) in paragraph at lines 141--141
[]\TU/Regular.ttf(0)/m/it/12 Figure 2.13: |Technical Drawing Guiding
 []

File: texfiles/mech/eimg/braking/guiding_rear_2.jpg Graphic file (type bmp)
<texfiles/mech/eimg/braking/guiding_rear_2.jpg>
[30]
Overfull \hbox (8.48814pt too wide) in paragraph at lines 159--160
[]\TU/Regular.ttf(0)/m/it/12 Finding the ideal mix between strength, the lifesp
an, ease of manufacture, and cost-effectiveness
 []

[31]
Underfull \hbox (badness 10000) in paragraph at lines 244--245

 []


Underfull \hbox (badness 10000) in paragraph at lines 246--247

 []

[32] [33]
Underfull \hbox (badness 10000) in paragraph at lines 317--319

 []


Underfull \hbox (badness 10000) in paragraph at lines 327--328

 []


Underfull \hbox (badness 10000) in paragraph at lines 329--330

 []


Underfull \hbox (badness 10000) in paragraph at lines 344--345

 []


Underfull \hbox (badness 10000) in paragraph at lines 346--348

 []


Underfull \hbox (badness 10000) in paragraph at lines 349--351

 []


Underfull \hbox (badness 10000) in paragraph at lines 352--354

 []

[34]
Underfull \hbox (badness 10000) in paragraph at lines 376--377

 []


Underfull \hbox (badness 10000) in paragraph at lines 378--380

 []


Underfull \hbox (badness 10000) in paragraph at lines 381--383

 []


Underfull \hbox (badness 10000) in paragraph at lines 388--389

 []


Underfull \hbox (badness 10000) in paragraph at lines 390--393

 []

[35]
Underfull \hbox (badness 10000) in paragraph at lines 409--410

 []


Underfull \hbox (badness 10000) in paragraph at lines 411--415

 []


Underfull \hbox (badness 10000) in paragraph at lines 416--419

 []


Overfull \hbox (18.97137pt too wide) in paragraph at lines 420--424
\TU/Regular.ttf(0)/m/it/12 Monitor the expansion of the spring: Verify the expa
nsion of spring as the air pressure decreases.Check
 []


Underfull \hbox (badness 10000) in paragraph at lines 420--424

 []


Underfull \hbox (badness 10000) in paragraph at lines 425--428

 []


Underfull \hbox (badness 10000) in paragraph at lines 441--442

 []

File: texfiles/mech/eimg/braking/guiding_rear_1.jpg Graphic file (type bmp)
<texfiles/mech/eimg/braking/guiding_rear_1.jpg>
[36]) (texfiles/mech/magnetic_braking.tex [37]) (texfiles/mech/aerodynamics.tex

Overfull \hbox (1.00232pt too wide) in paragraph at lines 21--21
[]|\TU/Regular.ttf(0)/m/it/12 Number| 
 []


Underfull \hbox (badness 10000) in paragraph at lines 21--21
[]|\TU/Regular.ttf(0)/m/it/12 Manufacturing
 []


Underfull \hbox (badness 10000) in paragraph at lines 21--22
[]|\TU/Regular.ttf(0)/m/it/12 In-house/
 []


Underfull \hbox (badness 10000) in paragraph at lines 24--24
[]|\TU/Regular.ttf(0)/m/it/12 Lamination
 []


Underfull \hbox (badness 10000) in paragraph at lines 24--24
[]|\TU/Regular.ttf(0)/m/it/12 stainless
 []

[38] [39] [40]
Overfull \hbox (3.63422pt too wide) in paragraph at lines 124--125
\TU/Regular.ttf(0)/m/it/12 simulations. By accurately capturing turbulent flow 
phenomena, including laminar-to-turbulent tran-
 []

File: texfiles/mech/eimg/aerodynamics/shell_frontview.jpg Graphic file (type bm
p)
<texfiles/mech/eimg/aerodynamics/shell_frontview.jpg>
File: texfiles/mech/eimg/aerodynamics/shell_side.jpg Graphic file (type bmp)
<texfiles/mech/eimg/aerodynamics/shell_side.jpg>
File: texfiles/mech/eimg/aerodynamics/shell_rear.jpg Graphic file (type bmp)
<texfiles/mech/eimg/aerodynamics/shell_rear.jpg>
File: texfiles/mech/eimg/aerodynamics/shell_topview.jpg Graphic file (type bmp)

<texfiles/mech/eimg/aerodynamics/shell_topview.jpg>
File: texfiles/mech/eimg/aerodynamics/shell_drawing.jpg Graphic file (type bmp)

<texfiles/mech/eimg/aerodynamics/shell_drawing.jpg>
File: texfiles/mech/eimg/aerodynamics/shell_bottom.jpg Graphic file (type bmp)
<texfiles/mech/eimg/aerodynamics/shell_bottom.jpg>
[41]
Underfull \hbox (badness 10000) in paragraph at lines 208--212

 []

[42] [43] [44] [45]))
\openout2 = `texfiles/mech/traction.aux'.

 (texfiles/mech/traction.tex
Chapter 3.
(texfiles/mech/propulsion.tex [46




]
Overfull \hbox (1.00232pt too wide) in paragraph at lines 25--25
[]|\TU/Regular.ttf(0)/m/it/12 Number| 
 []


Underfull \hbox (badness 10000) in paragraph at lines 25--26
[]|\TU/Regular.ttf(0)/m/it/12 In-house/
 []


Underfull \hbox (badness 10000) in paragraph at lines 29--29
[]|\TU/Regular.ttf(0)/m/it/12 Bevelgear
 []


Underfull \hbox (badness 10000) in paragraph at lines 30--30
[]|\TU/Regular.ttf(0)/m/it/12 Bevelgear
 []


Underfull \hbox (badness 10000) in paragraph at lines 31--31
[]|\TU/Regular.ttf(0)/m/it/12 Gearshaft
 []


Underfull \hbox (badness 10000) in paragraph at lines 32--32
[]|\TU/Regular.ttf(0)/m/it/12 Gearshaft
 []

File: texfiles/mech/eimg/propulsion/picture_motor.png Graphic file (type bmp)
<texfiles/mech/eimg/propulsion/picture_motor.png>
[47]
File: texfiles/mech/eimg/propulsion/picture_motorshaft.png Graphic file (type b
mp)
<texfiles/mech/eimg/propulsion/picture_motorshaft.png>
File: texfiles/mech/eimg/propulsion/spaceholder_technical_drawing.pdf Graphic f
ile (type pdf)
<use texfiles/mech/eimg/propulsion/spaceholder_technical_drawing.pdf>
File: texfiles/mech/eimg/propulsion/picture_forces_motorshaft.png Graphic file 
(type bmp)
<texfiles/mech/eimg/propulsion/picture_forces_motorshaft.png>
 [48]
File: texfiles/mech/eimg/propulsion/picture_gearshafts.png Graphic file (type b
mp)
<texfiles/mech/eimg/propulsion/picture_gearshafts.png>
File: texfiles/mech/eimg/propulsion/picture_gearshaft_right.png Graphic file (t
ype bmp)
<texfiles/mech/eimg/propulsion/picture_gearshaft_right.png>
File: texfiles/mech/eimg/propulsion/spaceholder_technical_drawing.pdf Graphic f
ile (type pdf)
<use texfiles/mech/eimg/propulsion/spaceholder_technical_drawing.pdf>
File: texfiles/mech/eimg/propulsion/picture_forces_gearshaft_right.png Graphic 
file (type bmp)
<texfiles/mech/eimg/propulsion/picture_forces_gearshaft_right.png>
 [49]
File: texfiles/mech/eimg/propulsion/picture_gearshaft_left.png Graphic file (ty
pe bmp)
<texfiles/mech/eimg/propulsion/picture_gearshaft_left.png>
File: texfiles/mech/eimg/propulsion/spaceholder_technical_drawing.pdf Graphic f
ile (type pdf)
<use texfiles/mech/eimg/propulsion/spaceholder_technical_drawing.pdf>
 [50]
File: texfiles/mech/eimg/propulsion/picture_forces_gearshaft_left.png Graphic f
ile (type bmp)
<texfiles/mech/eimg/propulsion/picture_forces_gearshaft_left.png>
File: texfiles/mech/eimg/propulsion/picture_shaft_joint.png Graphic file (type 
bmp)
<texfiles/mech/eimg/propulsion/picture_shaft_joint.png>
File: texfiles/mech/eimg/propulsion/picture_wheelshaft.png Graphic file (type b
mp)
<texfiles/mech/eimg/propulsion/picture_wheelshaft.png>
File: texfiles/mech/eimg/propulsion/spaceholder_technical_drawing.pdf Graphic f
ile (type pdf)
<use texfiles/mech/eimg/propulsion/spaceholder_technical_drawing.pdf>
 [51]
File: texfiles/mech/eimg/propulsion/picture_forces_wheelshaft.png Graphic file 
(type bmp)
<texfiles/mech/eimg/propulsion/picture_forces_wheelshaft.png>
File: texfiles/mech/eimg/propulsion/picture_wheel.png Graphic file (type bmp)
<texfiles/mech/eimg/propulsion/picture_wheel.png>
File: texfiles/mech/eimg/propulsion/spaceholder_technical_drawing.pdf Graphic f
ile (type pdf)
<use texfiles/mech/eimg/propulsion/spaceholder_technical_drawing.pdf>
File: texfiles/mech/eimg/propulsion/picture_forces_wheel.png Graphic file (type
 bmp)
<texfiles/mech/eimg/propulsion/picture_forces_wheel.png>
 [52]
File: texfiles/mech/eimg/propulsion/placeholder.png Graphic file (type bmp)
<texfiles/mech/eimg/propulsion/placeholder.png>
File: texfiles/mech/eimg/propulsion/placeholder.png Graphic file (type bmp)
<texfiles/mech/eimg/propulsion/placeholder.png>
 [53]
File: texfiles/mech/eimg/propulsion/placeholder.png Graphic file (type bmp)
<texfiles/mech/eimg/propulsion/placeholder.png>
File: texfiles/mech/eimg/propulsion/placeholder.png Graphic file (type bmp)
<texfiles/mech/eimg/propulsion/placeholder.png>
File: texfiles/mech/eimg/propulsion/placeholder.png Graphic file (type bmp)
<texfiles/mech/eimg/propulsion/placeholder.png>
 [54]
Underfull \hbox (badness 10000) in paragraph at lines 359--359
[]|\TU/Regular.ttf(0)/m/it/12 Total Mass
 []


Underfull \hbox (badness 10000) in paragraph at lines 377--378
[]|\TU/Regular.ttf(0)/m/it/12 Aluminum
 []


Underfull \hbox (badness 10000) in paragraph at lines 379--380
[]|\TU/Regular.ttf(0)/m/it/12 Aluminum
 []


Underfull \hbox (badness 10000) in paragraph at lines 381--381
[]|\TU/Regular.ttf(0)/m/it/12 Motorshaft-
 []


Underfull \hbox (badness 10000) in paragraph at lines 381--381
\TU/Regular.ttf(0)/m/it/12 bracket and
 []


Underfull \hbox (badness 10000) in paragraph at lines 381--382
[]|\TU/Regular.ttf(0)/m/it/12 Aluminum
 []


Underfull \hbox (badness 10000) in paragraph at lines 383--384
[]|\TU/Regular.ttf(0)/m/it/12 Aluminum
 []


Underfull \hbox (badness 10000) in paragraph at lines 385--386
[]|\TU/Regular.ttf(0)/m/it/12 Aluminum
 []

[55]
File: texfiles/mech/eimg/propulsion/picture_simulation_motorshaft.png Graphic f
ile (type bmp)
<texfiles/mech/eimg/propulsion/picture_simulation_motorshaft.png>
 [56]
File: texfiles/mech/eimg/propulsion/picture_simulation_gearshaft_right.png Grap
hic file (type bmp)
<texfiles/mech/eimg/propulsion/picture_simulation_gearshaft_right.png>
File: texfiles/mech/eimg/propulsion/picture_simulation_gearshaft_left.png Graph
ic file (type bmp)
<texfiles/mech/eimg/propulsion/picture_simulation_gearshaft_left.png>
File: texfiles/mech/eimg/propulsion/picture_simulation_wheelshaft.png Graphic f
ile (type bmp)
<texfiles/mech/eimg/propulsion/picture_simulation_wheelshaft.png>
File: texfiles/mech/eimg/propulsion/picture_simulation_wheel.png Graphic file (
type bmp)
<texfiles/mech/eimg/propulsion/picture_simulation_wheel.png>
 [57] [58]
Overfull \hbox (6.0089pt too wide) in paragraph at lines 513--514
\TU/Regular.ttf(0)/m/it/12 Describe how the parts will be assembled, including 
integration into subordinate structures/systems
 []


Underfull \hbox (badness 10000) in paragraph at lines 521--527

 []

[59]
File: texfiles/mech/eimg/propulsion/table_motor.pdf Graphic file (type pdf)
<use texfiles/mech/eimg/propulsion/table_motor.pdf>
 [60] [61]) (texfiles/mech/cooling.tex
Underfull \hbox (badness 10000) in paragraph at lines 19--19
[]|\TU/Regular.ttf(0)/m/it/12 Manufacturing
 []


Underfull \hbox (badness 10000) in paragraph at lines 19--20
[]|\TU/Regular.ttf(0)/m/it/12 In-house/
 []


Underfull \hbox (badness 10000) in paragraph at lines 21--21
[]|\TU/Regular.ttf(0)/m/it/12 100 x120
 []


Underfull \hbox (badness 10000) in paragraph at lines 27--27
[]|\TU/Regular.ttf(0)/m/it/12 Coolant Tem-
 []


Underfull \hbox (badness 10000) in paragraph at lines 28--28
[]|\TU/Regular.ttf(0)/m/it/12 Surface Tem-
 []

File: texfiles/mech/eimg/cooling/placeholder.png Graphic file (type bmp)
<texfiles/mech/eimg/cooling/placeholder.png>
File: texfiles/mech/eimg/cooling/placeholder.png Graphic file (type bmp)
<texfiles/mech/eimg/cooling/placeholder.png>

Overfull \hbox (15.26404pt too wide) in paragraph at lines 50--56
 [][][] 
 []

Missing character: There is no  in font [Regular.ttf]/OT:script=latn;language=
dflt;mapping=tex-text;!
Missing character: There is no  in font [Regular.ttf]/OT:script=latn;language=
dflt;mapping=tex-text;!
Missing character: There is no % in font [Regular.ttf]/OT:script=latn;language=
dflt;mapping=tex-text;!
[62]
Missing character: There is no  in font [Regular.ttf]/OT:script=latn;language=
dflt;mapping=tex-text;!
Missing character: There is no  in font [Regular.ttf]/OT:script=latn;language=
dflt;mapping=tex-text;!
Missing character: There is no  in font [Regular.ttf]/OT:script=latn;language=
dflt;mapping=tex-text;!
Missing character: There is no  in font [Regular.ttf]/OT:script=latn;language=
dflt;mapping=tex-text;!
Missing character: There is no  in font [Regular.ttf]/OT:script=latn;language=
dflt;mapping=tex-text;!
Missing character: There is no  in font [Regular.ttf]/OT:script=latn;language=
dflt;mapping=tex-text;!

Overfull \hbox (0.76494pt too wide) in paragraph at lines 73--74
\TU/Regular.ttf(0)/m/it/12 High temperatures can accelerate the degradation of 
battery components, including the electrolyte
 []

[63]
Missing character: There is no  in font [Regular.ttf]/OT:script=latn;language=
dflt;mapping=tex-text;!
Missing character: There is no  in font [Regular.ttf]/OT:script=latn;language=
dflt;mapping=tex-text;!
[64]
File: texfiles/mech/eimg/cooling/placeholder.png Graphic file (type bmp)
<texfiles/mech/eimg/cooling/placeholder.png>
File: texfiles/mech/eimg/cooling/placeholder.png Graphic file (type bmp)
<texfiles/mech/eimg/cooling/placeholder.png>
 [65]
File: texfiles/mech/eimg/cooling/placeholder.png Graphic file (type bmp)
<texfiles/mech/eimg/cooling/placeholder.png>
File: texfiles/mech/eimg/cooling/placeholder.png Graphic file (type bmp)
<texfiles/mech/eimg/cooling/placeholder.png>

Overfull \hbox (15.26404pt too wide) in paragraph at lines 133--139
 [][][] 
 []

[66] [67]
Overfull \hbox (3.27528pt too wide) in paragraph at lines 208--209
[]\TU/Regular.ttf(0)/m/it/12 Risk Mitigation Strategy: Introduce filters in the
 piping system and conduct regular clean-
 []

File: texfiles/mech/eimg/cooling/placeholder.png Graphic file (type bmp)
<texfiles/mech/eimg/cooling/placeholder.png>
[68]) [69])
\openout2 = `texfiles/elec/electrical.aux'.

 (texfiles/elec/electrical.tex
Chapter 4.

Underfull \hbox (badness 10000) in paragraph at lines 20--37

 []

[70




] (texfiles/elec/lvbattery.tex
Underfull \hbox (badness 10000) in paragraph at lines 10--14

 []

[71] [72] [73]) (texfiles/elec/battery.tex
Underfull \hbox (badness 10000) in paragraph at lines 3--4

 []


Underfull \hbox (badness 10000) in paragraph at lines 18--19

 []

[74]
Underfull \hbox (badness 10000) in paragraph at lines 28--30

 []


Underfull \hbox (badness 10000) in paragraph at lines 95--97

 []

[75]
Missing character: There is no * in font [Regular.ttf]/OT:script=latn;language=
dflt;mapping=tex-text;!
Missing character: There is no * in font [Regular.ttf]/OT:script=latn;language=
dflt;mapping=tex-text;!
Missing character: There is no * in font [Regular.ttf]/OT:script=latn;language=
dflt;mapping=tex-text;!
Missing character: There is no * in font [Regular.ttf]/OT:script=latn;language=
dflt;mapping=tex-text;!
Missing character: There is no * in font [Regular.ttf]/OT:script=latn;language=
dflt;mapping=tex-text;!
Missing character: There is no * in font [Regular.ttf]/OT:script=latn;language=
dflt;mapping=tex-text;!
Missing character: There is no * in font [Regular.ttf]/OT:script=latn;language=
dflt;mapping=tex-text;!
Missing character: There is no * in font [Regular.ttf]/OT:script=latn;language=
dflt;mapping=tex-text;!
Missing character: There is no * in font [Regular.ttf]/OT:script=latn;language=
dflt;mapping=tex-text;!
Missing character: There is no * in font [Regular.ttf]/OT:script=latn;language=
dflt;mapping=tex-text;!
Missing character: There is no * in font [Regular.ttf]/OT:script=latn;language=
dflt;mapping=tex-text;!
Missing character: There is no * in font [Regular.ttf]/OT:script=latn;language=
dflt;mapping=tex-text;!
Missing character: There is no * in font [Regular.ttf]/OT:script=latn;language=
dflt;mapping=tex-text;!
Missing character: There is no * in font [Regular.ttf]/OT:script=latn;language=
dflt;mapping=tex-text;!
Missing character: There is no * in font [Regular.ttf]/OT:script=latn;language=
dflt;mapping=tex-text;!
Missing character: There is no * in font [Regular.ttf]/OT:script=latn;language=
dflt;mapping=tex-text;!
Missing character: There is no * in font [Regular.ttf]/OT:script=latn;language=
dflt;mapping=tex-text;!
Missing character: There is no * in font [Regular.ttf]/OT:script=latn;language=
dflt;mapping=tex-text;!
Missing character: There is no * in font [Regular.ttf]/OT:script=latn;language=
dflt;mapping=tex-text;!
Missing character: There is no * in font [Regular.ttf]/OT:script=latn;language=
dflt;mapping=tex-text;!
Missing character: There is no * in font [Regular.ttf]/OT:script=latn;language=
dflt;mapping=tex-text;!
Missing character: There is no * in font [Regular.ttf]/OT:script=latn;language=
dflt;mapping=tex-text;!
Missing character: There is no * in font [Regular.ttf]/OT:script=latn;language=
dflt;mapping=tex-text;!
Missing character: There is no * in font [Regular.ttf]/OT:script=latn;language=
dflt;mapping=tex-text;!

Overfull \hbox (1.34622pt too wide) in paragraph at lines 131--132
[]\TU/Regular.ttf(0)/m/it/12 3. **Thermal Runaway Prevention:** Through its tem
perature monitoring capabilities, the Orion
 []

Missing character: There is no * in font [Regular.ttf]/OT:script=latn;language=
dflt;mapping=tex-text;!
Missing character: There is no * in font [Regular.ttf]/OT:script=latn;language=
dflt;mapping=tex-text;!
Missing character: There is no * in font [Regular.ttf]/OT:script=latn;language=
dflt;mapping=tex-text;!
Missing character: There is no * in font [Regular.ttf]/OT:script=latn;language=
dflt;mapping=tex-text;!
Missing character: There is no * in font [Regular.ttf]/OT:script=latn;language=
dflt;mapping=tex-text;!
Missing character: There is no * in font [Regular.ttf]/OT:script=latn;language=
dflt;mapping=tex-text;!
Missing character: There is no * in font [Regular.ttf]/OT:script=latn;language=
dflt;mapping=tex-text;!
Missing character: There is no * in font [Regular.ttf]/OT:script=latn;language=
dflt;mapping=tex-text;!
Missing character: There is no * in font [Regular.ttf]/OT:script=latn;language=
dflt;mapping=tex-text;!
Missing character: There is no * in font [Regular.ttf]/OT:script=latn;language=
dflt;mapping=tex-text;!
Missing character: There is no * in font [Regular.ttf]/OT:script=latn;language=
dflt;mapping=tex-text;!
Missing character: There is no * in font [Regular.ttf]/OT:script=latn;language=
dflt;mapping=tex-text;!
[76]) (texfiles/elec/power.tex
Underfull \hbox (badness 10000) in paragraph at lines 3--4

 []

[77]
Missing character: There is no % in font [Regular.ttf]/OT:script=latn;language=
dflt;mapping=tex-text;!
Missing character: There is no * in font [Regular.ttf]/OT:script=latn;language=
dflt;mapping=tex-text;!
Missing character: There is no * in font [Regular.ttf]/OT:script=latn;language=
dflt;mapping=tex-text;!
Missing character: There is no * in font [Regular.ttf]/OT:script=latn;language=
dflt;mapping=tex-text;!
Missing character: There is no * in font [Regular.ttf]/OT:script=latn;language=
dflt;mapping=tex-text;!
Missing character: There is no * in font [Regular.ttf]/OT:script=latn;language=
dflt;mapping=tex-text;!
Missing character: There is no * in font [Regular.ttf]/OT:script=latn;language=
dflt;mapping=tex-text;!
Missing character: There is no * in font [Regular.ttf]/OT:script=latn;language=
dflt;mapping=tex-text;!
Missing character: There is no * in font [Regular.ttf]/OT:script=latn;language=
dflt;mapping=tex-text;!
[78]
Underfull \hbox (badness 10000) in paragraph at lines 71--72

 []

Missing character: There is no  in font [Regular.ttf]/OT:script=latn;language=
dflt;mapping=tex-text;!
Missing character: There is no  in font [Regular.ttf]/OT:script=latn;language=
dflt;mapping=tex-text;!
Missing character: There is no % in font [Regular.ttf]/OT:script=latn;language=
dflt;mapping=tex-text;!
Missing character: There is no  in font [Regular.ttf]/OT:script=latn;language=
dflt;mapping=tex-text;!
Missing character: There is no  in font [Regular.ttf]/OT:script=latn;language=
dflt;mapping=tex-text;!
Missing character: There is no  in font [Regular.ttf]/OT:script=latn;language=
dflt;mapping=tex-text;!
Missing character: There is no % in font [Regular.ttf]/OT:script=latn;language=
dflt;mapping=tex-text;!
Missing character: There is no % in font [Regular.ttf]/OT:script=latn;language=
dflt;mapping=tex-text;!
[79]
Underfull \hbox (badness 10000) in paragraph at lines 136--138

 []

[80]
Underfull \hbox (badness 10000) in paragraph at lines 210--211

 []

) (texfiles/elec/sensecontrol.tex [81]
Overfull \hbox (422.32318pt too wide) in paragraph at lines 35--46
 [][] 
 []

File: texfiles/elec/eimg/brakesoftware_ext.png Graphic file (type bmp)
<texfiles/elec/eimg/brakesoftware_ext.png>
File: texfiles/elec/eimg/Brakes_architecture.png Graphic file (type bmp)
<texfiles/elec/eimg/Brakes_architecture.png>

Overfull \hbox (323.22012pt too wide) in paragraph at lines 60--64
\TU/Regular.ttf(0)/m/it/12 The implementation of the hardware architecture goes
 as follows: [] 
 []

[82] [83]
File: texfiles/elec/eimg/Thermal_architecture.png Graphic file (type bmp)
<texfiles/elec/eimg/Thermal_architecture.png>

Overfull \hbox (304.58011pt too wide) in paragraph at lines 70--72
[]\TU/Regular.ttf(0)/m/it/12 The following hardware architecture is to be imple
mented: [] 
 []

[84]) [85])
\openout2 = `texfiles/general/safety.aux'.

 (texfiles/general/safety.tex
Chapter 5.
Missing character: There is no % in font [Regular.ttf]/OT:script=latn;language=
dflt;mapping=tex-text;!
Missing character: There is no % in font [Regular.ttf]/OT:script=latn;language=
dflt;mapping=tex-text;!

Overfull \hbox (11.5065pt too wide) in paragraph at lines 34--34
[]|\TU/Regular.ttf(0)/m/it/12 Overcharging|  
 []


Overfull \hbox (2.8065pt too wide) in paragraph at lines 34--34
[]|\TU/Regular.ttf(0)/m/it/12 Overcharge 
 []


Overfull \hbox (17.1105pt too wide) in paragraph at lines 36--36
[]|\TU/Regular.ttf(0)/m/it/12 Undercharging|  
 []


Overfull \hbox (1.94812pt too wide) in paragraph at lines 38--38
[]|\TU/Regular.ttf(0)/m/it/12 Manufacturing 
 []


Overfull \hbox (31.40326pt too wide) in paragraph at lines 50--50
[]|\TU/Regular.ttf(0)/m/it/12 Occurrence|  
 []


Overfull \hbox (19.93126pt too wide) in paragraph at lines 50--50
[]|\TU/Regular.ttf(0)/m/it/12 Detection|  
 []


Overfull \hbox (4.6305pt too wide) in paragraph at lines 54--54
[]|\TU/Regular.ttf(0)/m/it/12 Overvoltage|  
 []


Overfull \hbox (10.2345pt too wide) in paragraph at lines 56--56
[]|\TU/Regular.ttf(0)/m/it/12 Undervoltage|  
 []


Overfull \hbox (1.94812pt too wide) in paragraph at lines 58--58
[]|\TU/Regular.ttf(0)/m/it/12 Manufacturing 
 []


Overfull \hbox (10.64163pt too wide) in paragraph at lines 48--61
 [][] 
 []

[86




] [87] [88]
\c@xSafety=\count393
)
\openout2 = `texfiles/general/testing.aux'.

 (texfiles/general/testing.tex
Chapter 6.
) [89




] (FDD.aux (texfiles/general/coverpageEHW.aux)
(texfiles/general/introduction.aux) (texfiles/mech/mechanical.aux)
(texfiles/mech/traction.aux) (texfiles/elec/electrical.aux)
(texfiles/general/safety.aux) (texfiles/general/testing.aux))
 ***********
LaTeX2e <2023-11-01> patch level 1
L3 programming layer <2024-01-04>
 ***********


LaTeX Font Warning: Some font shapes were not available, defaults substituted.


LaTeX Warning: There were undefined references.


LaTeX Warning: There were multiply-defined labels.

Package rerunfilecheck Info: File `FDD.out' has not changed.
(rerunfilecheck)             Checksum: 8AC16E030D534114709A559A52296E9F;5150.
 ) 
Here is how much of TeX's memory you used:
 33778 strings out of 409617
 713118 string characters out of 5774014
 1970191 words of memory out of 5000000
 55243 multiletter control sequences out of 15000+600000
 570893 words of font info for 97 fonts, out of 8000000 for 9000
 1348 hyphenation exceptions out of 8191
 84i,15n,131p,1089b,659s stack positions out of 10000i,1000n,20000p,200000b,200000s

Output written on FDD.pdf (90 pages).
